2019-12-05 12:41:48 INFO  [springAppName_IS_UNDEFINED,,,] main org.springframework.context.support.PostProcessorRegistrationDelegate$BeanPostProcessorChecker Bean 'org.springframework.cloud.autoconfigure.ConfigurationPropertiesRebinderAutoConfiguration' of type [org.springframework.cloud.autoconfigure.ConfigurationPropertiesRebinderAutoConfiguration$$EnhancerBySpringCGLIB$$8f69be5c] is not eligible for getting processed by all BeanPostProcessors (for example: not eligible for auto-proxying)
2019-12-05 12:41:49 INFO  [hc-monitor-admin,,,] main com.hc.monitor.admin.HcMonitorAdminApplication No active profile set, falling back to default profiles: default
2019-12-05 12:41:50 INFO  [hc-monitor-admin,,,] main org.springframework.cloud.context.scope.GenericScope BeanFactory id=df7ff46a-5171-3d49-87d3-ba289ca0fb8a
2019-12-05 12:41:50 INFO  [hc-monitor-admin,,,] main org.springframework.context.support.PostProcessorRegistrationDelegate$BeanPostProcessorChecker Bean 'org.springframework.cloud.autoconfigure.ConfigurationPropertiesRebinderAutoConfiguration' of type [org.springframework.cloud.autoconfigure.ConfigurationPropertiesRebinderAutoConfiguration$$EnhancerBySpringCGLIB$$8f69be5c] is not eligible for getting processed by all BeanPostProcessors (for example: not eligible for auto-proxying)
2019-12-05 12:41:50 INFO  [hc-monitor-admin,,,] main org.eclipse.jetty.util.log Logging initialized @4180ms to org.eclipse.jetty.util.log.Slf4jLog
2019-12-05 12:41:50 INFO  [hc-monitor-admin,,,] main org.springframework.boot.web.embedded.jetty.JettyServletWebServerFactory Server initialized with port: 9060
2019-12-05 12:41:50 INFO  [hc-monitor-admin,,,] main org.eclipse.jetty.server.Server jetty-9.4.19.v20190610; built: 2019-06-10T16:30:51.723Z; git: afcf563148970e98786327af5e07c261fda175d3; jvm 1.8.0_31-b13
2019-12-05 12:41:50 INFO  [hc-monitor-admin,,,] main org.eclipse.jetty.server.handler.ContextHandler.application Initializing Spring embedded WebApplicationContext
2019-12-05 12:41:50 INFO  [hc-monitor-admin,,,] main org.springframework.web.context.ContextLoader Root WebApplicationContext: initialization completed in 936 ms
2019-12-05 12:41:50 INFO  [hc-monitor-admin,,,] main org.eclipse.jetty.server.session DefaultSessionIdManager workerName=node0
2019-12-05 12:41:50 INFO  [hc-monitor-admin,,,] main org.eclipse.jetty.server.session No SessionScavenger set, using defaults
2019-12-05 12:41:50 INFO  [hc-monitor-admin,,,] main org.eclipse.jetty.server.session node0 Scavenging every 600000ms
2019-12-05 12:41:50 INFO  [hc-monitor-admin,,,] main org.eclipse.jetty.server.handler.ContextHandler Started o.s.b.w.e.j.JettyEmbeddedWebAppContext@4f7be6c8{application,/,[file:///C:/Users/test/AppData/Local/Temp/jetty-docbase.2323805096429811302.9060/],AVAILABLE}
2019-12-05 12:41:50 INFO  [hc-monitor-admin,,,] main org.eclipse.jetty.server.Server Started @4577ms
2019-12-05 12:41:50 INFO  [hc-monitor-admin,,,] main org.springframework.security.web.DefaultSecurityFilterChain Creating filter chain: any request, [org.springframework.security.web.context.request.async.WebAsyncManagerIntegrationFilter@29d070c7, org.springframework.security.web.context.SecurityContextPersistenceFilter@231b35fb, org.springframework.security.web.header.HeaderWriterFilter@544e3679, org.springframework.security.web.authentication.logout.LogoutFilter@3e14d390, org.springframework.security.web.authentication.UsernamePasswordAuthenticationFilter@28b523a, org.springframework.security.web.authentication.www.BasicAuthenticationFilter@71d55b7e, org.springframework.security.web.savedrequest.RequestCacheAwareFilter@26da1ba2, org.springframework.security.web.servletapi.SecurityContextHolderAwareRequestFilter@6b8b5020, org.springframework.security.web.authentication.AnonymousAuthenticationFilter@1eeb5818, org.springframework.security.web.session.SessionManagementFilter@6889f56f, org.springframework.security.web.access.ExceptionTranslationFilter@1332dec4, org.springframework.security.web.access.intercept.FilterSecurityInterceptor@511da44f]
2019-12-05 12:41:51 INFO  [hc-monitor-admin,,,] main org.springframework.scheduling.concurrent.ThreadPoolTaskExecutor Initializing ExecutorService 'applicationTaskExecutor'
2019-12-05 12:41:51 INFO  [hc-monitor-admin,,,] main org.springframework.boot.actuate.endpoint.web.EndpointLinksResolver Exposing 2 endpoint(s) beneath base path '/actuator'
2019-12-05 12:41:52 INFO  [hc-monitor-admin,,,] main org.eclipse.jetty.server.handler.ContextHandler.application Initializing Spring DispatcherServlet 'dispatcherServlet'
2019-12-05 12:41:52 INFO  [hc-monitor-admin,,,] main org.springframework.web.servlet.DispatcherServlet Initializing Servlet 'dispatcherServlet'
2019-12-05 12:41:52 INFO  [hc-monitor-admin,,,] main org.springframework.web.servlet.DispatcherServlet Completed initialization in 6 ms
2019-12-05 12:41:52 INFO  [hc-monitor-admin,,,] main org.eclipse.jetty.server.AbstractConnector Started ServerConnector@71cea1b8{HTTP/1.1,[http/1.1]}{0.0.0.0:9060}
2019-12-05 12:41:52 INFO  [hc-monitor-admin,,,] main org.springframework.boot.web.embedded.jetty.JettyWebServer Jetty started on port(s) 9060 (http/1.1) with context path '/'
2019-12-05 12:41:52 INFO  [hc-monitor-admin,,,] main com.hc.monitor.admin.HcMonitorAdminApplication Started HcMonitorAdminApplication in 5.627 seconds (JVM running for 6.639)
2019-12-05 13:04:13 INFO  [hc-monitor-admin,,,] reactor-http-nio-4 de.codecentric.boot.admin.server.services.StatusUpdater Couldn't retrieve status for Instance(id=6bb3fa7cf9dc, version=3, registration=Registration(name=hc-server-system, managementUrl=http://DESKTOP-R1RTOA8:9041/actuator, healthUrl=http://DESKTOP-R1RTOA8:9041/actuator/health, serviceUrl=http://DESKTOP-R1RTOA8:9041/, source=http-api), registered=true, statusInfo=StatusInfo(status=UP, details={hystrix={status=UP}, clientConfigServer={status=UP, details={propertySources=[configClient, https://github.com/sonake/server-config.git/sonake-cfg/hc-server-system-dev.yml]}}, diskSpace={status=UP, details={total=214748360704, free=187176837120, threshold=10485760}}, rabbit={status=UP, details={version=3.7.15}}, refreshScope={status=UP}, discoveryComposite={status=UP, details={discoveryClient={status=UP, details={services=[hc-auth, hc-server-system, hc-gateway, hc-config]}}, eureka={description=Remote status from Eureka server, status=UP, details={applications={HC-AUTH=1, HC-SERVER-SYSTEM=1, HC-GATEWAY=1, HC-CONFIG=1}}}}}, db={status=UP, details={database=MySQL, hello=1}}, redis={status=UP, details={version=3.2.100}}}), statusTimestamp=2019-12-05T04:45:17.287Z, info=Info(values={app={name=hc-server-system, description=@project.description@, version=@project.version@}}), endpoints=Endpoints(endpoints={httptrace=Endpoint(id=httptrace, url=http://DESKTOP-R1RTOA8:9041/actuator/httptrace), caches=Endpoint(id=caches, url=http://DESKTOP-R1RTOA8:9041/actuator/caches), loggers=Endpoint(id=loggers, url=http://DESKTOP-R1RTOA8:9041/actuator/loggers), refresh=Endpoint(id=refresh, url=http://DESKTOP-R1RTOA8:9041/actuator/refresh), health=Endpoint(id=health, url=http://DESKTOP-R1RTOA8:9041/actuator/health), env=Endpoint(id=env, url=http://DESKTOP-R1RTOA8:9041/actuator/env), heapdump=Endpoint(id=heapdump, url=http://DESKTOP-R1RTOA8:9041/actuator/heapdump), features=Endpoint(id=features, url=http://DESKTOP-R1RTOA8:9041/actuator/features), mappings=Endpoint(id=mappings, url=http://DESKTOP-R1RTOA8:9041/actuator/mappings), scheduledtasks=Endpoint(id=scheduledtasks, url=http://DESKTOP-R1RTOA8:9041/actuator/scheduledtasks), archaius=Endpoint(id=archaius, url=http://DESKTOP-R1RTOA8:9041/actuator/archaius), configprops=Endpoint(id=configprops, url=http://DESKTOP-R1RTOA8:9041/actuator/configprops), beans=Endpoint(id=beans, url=http://DESKTOP-R1RTOA8:9041/actuator/beans), threaddump=Endpoint(id=threaddump, url=http://DESKTOP-R1RTOA8:9041/actuator/threaddump), metrics=Endpoint(id=metrics, url=http://DESKTOP-R1RTOA8:9041/actuator/metrics), conditions=Endpoint(id=conditions, url=http://DESKTOP-R1RTOA8:9041/actuator/conditions), auditevents=Endpoint(id=auditevents, url=http://DESKTOP-R1RTOA8:9041/actuator/auditevents), service-registry=Endpoint(id=service-registry, url=http://DESKTOP-R1RTOA8:9041/actuator/service-registry), jolokia=Endpoint(id=jolokia, url=http://DESKTOP-R1RTOA8:9041/actuator/jolokia), info=Endpoint(id=info, url=http://DESKTOP-R1RTOA8:9041/actuator/info)}), buildVersion=null, tags=Tags(values={}))
io.netty.channel.ConnectTimeoutException: connection timed out: DESKTOP-R1RTOA8/192.168.41.90:9041
	at io.netty.channel.nio.AbstractNioChannel$AbstractNioUnsafe$1.run(AbstractNioChannel.java:267)
	at io.netty.util.concurrent.PromiseTask$RunnableAdapter.call(PromiseTask.java:38)
	at io.netty.util.concurrent.ScheduledFutureTask.run(ScheduledFutureTask.java:127)
	at io.netty.util.concurrent.AbstractEventExecutor.safeExecute$$$capture(AbstractEventExecutor.java:163)
	at io.netty.util.concurrent.AbstractEventExecutor.safeExecute(AbstractEventExecutor.java)
	at io.netty.util.concurrent.SingleThreadEventExecutor.runAllTasks(SingleThreadEventExecutor.java:405)
	at io.netty.channel.nio.NioEventLoop.run(NioEventLoop.java:500)
	at io.netty.util.concurrent.SingleThreadEventExecutor$5.run(SingleThreadEventExecutor.java:906)
	at io.netty.util.internal.ThreadExecutorMap$2.run(ThreadExecutorMap.java:74)
	at java.lang.Thread.run(Thread.java:745)
2019-12-05 13:06:23 INFO  [hc-monitor-admin,,,] reactor-http-nio-2 de.codecentric.boot.admin.server.services.StatusUpdater Couldn't retrieve status for Instance(id=6bb3fa7cf9dc, version=8, registration=Registration(name=hc-server-system, managementUrl=http://DESKTOP-R1RTOA8:9041/actuator, healthUrl=http://DESKTOP-R1RTOA8:9041/actuator/health, serviceUrl=http://DESKTOP-R1RTOA8:9041/, source=http-api), registered=true, statusInfo=StatusInfo(status=DOWN, details={hystrix={status=UP}, clientConfigServer={status=UP, details={propertySources=[configClient, https://github.com/sonake/server-config.git/sonake-cfg/hc-server-system-dev.yml]}}, diskSpace={status=UP, details={total=214748360704, free=187176615936, threshold=10485760}}, rabbit={status=UP, details={version=3.7.15}}, refreshScope={status=UP}, discoveryComposite={status=UP, details={discoveryClient={status=UP, details={services=[hc-auth, hc-server-system, hc-gateway, hc-config, hc-server-test]}}, eureka={description=Eureka discovery client is reporting failures to connect to a Eureka server, status=UP, details={renewalPeriod=30, failCount=32330, applications={HC-AUTH=1, HC-GATEWAY=1, HC-CONFIG=1, HC-SERVER-TEST=1}}}}}, db={status=DOWN, details={error=org.springframework.jdbc.CannotGetJdbcConnectionException: Failed to obtain JDBC Connection; nested exception is java.sql.SQLException: HikariDataSource HikariDataSource (base) has been closed.}}, redis={status=DOWN, details={error=java.lang.IllegalStateException: Cannot connect, Event executor group is terminated.}}}), statusTimestamp=2019-12-05T05:06:01.800Z, info=Info(values={app={name=hc-server-system, description=@project.description@, version=@project.version@}}), endpoints=Endpoints(endpoints={httptrace=Endpoint(id=httptrace, url=http://DESKTOP-R1RTOA8:9041/actuator/httptrace), caches=Endpoint(id=caches, url=http://DESKTOP-R1RTOA8:9041/actuator/caches), loggers=Endpoint(id=loggers, url=http://DESKTOP-R1RTOA8:9041/actuator/loggers), health=Endpoint(id=health, url=http://DESKTOP-R1RTOA8:9041/actuator/health), refresh=Endpoint(id=refresh, url=http://DESKTOP-R1RTOA8:9041/actuator/refresh), env=Endpoint(id=env, url=http://DESKTOP-R1RTOA8:9041/actuator/env), heapdump=Endpoint(id=heapdump, url=http://DESKTOP-R1RTOA8:9041/actuator/heapdump), features=Endpoint(id=features, url=http://DESKTOP-R1RTOA8:9041/actuator/features), scheduledtasks=Endpoint(id=scheduledtasks, url=http://DESKTOP-R1RTOA8:9041/actuator/scheduledtasks), mappings=Endpoint(id=mappings, url=http://DESKTOP-R1RTOA8:9041/actuator/mappings), archaius=Endpoint(id=archaius, url=http://DESKTOP-R1RTOA8:9041/actuator/archaius), beans=Endpoint(id=beans, url=http://DESKTOP-R1RTOA8:9041/actuator/beans), configprops=Endpoint(id=configprops, url=http://DESKTOP-R1RTOA8:9041/actuator/configprops), threaddump=Endpoint(id=threaddump, url=http://DESKTOP-R1RTOA8:9041/actuator/threaddump), metrics=Endpoint(id=metrics, url=http://DESKTOP-R1RTOA8:9041/actuator/metrics), conditions=Endpoint(id=conditions, url=http://DESKTOP-R1RTOA8:9041/actuator/conditions), auditevents=Endpoint(id=auditevents, url=http://DESKTOP-R1RTOA8:9041/actuator/auditevents), service-registry=Endpoint(id=service-registry, url=http://DESKTOP-R1RTOA8:9041/actuator/service-registry), info=Endpoint(id=info, url=http://DESKTOP-R1RTOA8:9041/actuator/info), jolokia=Endpoint(id=jolokia, url=http://DESKTOP-R1RTOA8:9041/actuator/jolokia)}), buildVersion=null, tags=Tags(values={}))
io.netty.channel.ConnectTimeoutException: connection timed out: DESKTOP-R1RTOA8/192.168.41.90:9041
	at io.netty.channel.nio.AbstractNioChannel$AbstractNioUnsafe$1.run(AbstractNioChannel.java:267)
	at io.netty.util.concurrent.PromiseTask$RunnableAdapter.call(PromiseTask.java:38)
	at io.netty.util.concurrent.ScheduledFutureTask.run(ScheduledFutureTask.java:127)
	at io.netty.util.concurrent.AbstractEventExecutor.safeExecute$$$capture(AbstractEventExecutor.java:163)
	at io.netty.util.concurrent.AbstractEventExecutor.safeExecute(AbstractEventExecutor.java)
	at io.netty.util.concurrent.SingleThreadEventExecutor.runAllTasks(SingleThreadEventExecutor.java:405)
	at io.netty.channel.nio.NioEventLoop.run(NioEventLoop.java:500)
	at io.netty.util.concurrent.SingleThreadEventExecutor$5.run(SingleThreadEventExecutor.java:906)
	at io.netty.util.internal.ThreadExecutorMap$2.run(ThreadExecutorMap.java:74)
	at java.lang.Thread.run(Thread.java:745)
2019-12-05 13:07:33 INFO  [hc-monitor-admin,,,] reactor-http-nio-4 de.codecentric.boot.admin.server.services.StatusUpdater Couldn't retrieve status for Instance(id=6bb3fa7cf9dc, version=11, registration=Registration(name=hc-server-system, managementUrl=http://DESKTOP-R1RTOA8:9041/actuator, healthUrl=http://DESKTOP-R1RTOA8:9041/actuator/health, serviceUrl=http://DESKTOP-R1RTOA8:9041/, source=http-api), registered=true, statusInfo=StatusInfo(status=UP, details={hystrix={status=UP}, clientConfigServer={status=UP, details={propertySources=[configClient, https://github.com/sonake/server-config.git/sonake-cfg/hc-server-system-dev.yml]}}, diskSpace={status=UP, details={total=214748360704, free=187176603648, threshold=10485760}}, rabbit={status=UP, details={version=3.7.15}}, refreshScope={status=UP}, discoveryComposite={status=UP, details={discoveryClient={status=UP, details={services=[hc-auth, hc-server-system, hc-gateway, hc-config, hc-server-test]}}, eureka={description=Remote status from Eureka server, status=UP, details={applications={HC-AUTH=1, HC-SERVER-SYSTEM=1, HC-GATEWAY=1, HC-CONFIG=1, HC-SERVER-TEST=1}}}}}, db={status=UP, details={database=MySQL, hello=1}}, redis={status=UP, details={version=3.2.100}}}), statusTimestamp=2019-12-05T05:06:34.710Z, info=Info(values={app={name=hc-server-system, description=@project.description@, version=@project.version@}}), endpoints=Endpoints(endpoints={httptrace=Endpoint(id=httptrace, url=http://DESKTOP-R1RTOA8:9041/actuator/httptrace), caches=Endpoint(id=caches, url=http://DESKTOP-R1RTOA8:9041/actuator/caches), loggers=Endpoint(id=loggers, url=http://DESKTOP-R1RTOA8:9041/actuator/loggers), refresh=Endpoint(id=refresh, url=http://DESKTOP-R1RTOA8:9041/actuator/refresh), health=Endpoint(id=health, url=http://DESKTOP-R1RTOA8:9041/actuator/health), env=Endpoint(id=env, url=http://DESKTOP-R1RTOA8:9041/actuator/env), heapdump=Endpoint(id=heapdump, url=http://DESKTOP-R1RTOA8:9041/actuator/heapdump), features=Endpoint(id=features, url=http://DESKTOP-R1RTOA8:9041/actuator/features), mappings=Endpoint(id=mappings, url=http://DESKTOP-R1RTOA8:9041/actuator/mappings), scheduledtasks=Endpoint(id=scheduledtasks, url=http://DESKTOP-R1RTOA8:9041/actuator/scheduledtasks), archaius=Endpoint(id=archaius, url=http://DESKTOP-R1RTOA8:9041/actuator/archaius), configprops=Endpoint(id=configprops, url=http://DESKTOP-R1RTOA8:9041/actuator/configprops), beans=Endpoint(id=beans, url=http://DESKTOP-R1RTOA8:9041/actuator/beans), threaddump=Endpoint(id=threaddump, url=http://DESKTOP-R1RTOA8:9041/actuator/threaddump), metrics=Endpoint(id=metrics, url=http://DESKTOP-R1RTOA8:9041/actuator/metrics), conditions=Endpoint(id=conditions, url=http://DESKTOP-R1RTOA8:9041/actuator/conditions), auditevents=Endpoint(id=auditevents, url=http://DESKTOP-R1RTOA8:9041/actuator/auditevents), service-registry=Endpoint(id=service-registry, url=http://DESKTOP-R1RTOA8:9041/actuator/service-registry), jolokia=Endpoint(id=jolokia, url=http://DESKTOP-R1RTOA8:9041/actuator/jolokia), info=Endpoint(id=info, url=http://DESKTOP-R1RTOA8:9041/actuator/info)}), buildVersion=null, tags=Tags(values={}))
io.netty.channel.ConnectTimeoutException: connection timed out: DESKTOP-R1RTOA8/192.168.41.90:9041
	at io.netty.channel.nio.AbstractNioChannel$AbstractNioUnsafe$1.run(AbstractNioChannel.java:267)
	at io.netty.util.concurrent.PromiseTask$RunnableAdapter.call(PromiseTask.java:38)
	at io.netty.util.concurrent.ScheduledFutureTask.run(ScheduledFutureTask.java:127)
	at io.netty.util.concurrent.AbstractEventExecutor.safeExecute$$$capture(AbstractEventExecutor.java:163)
	at io.netty.util.concurrent.AbstractEventExecutor.safeExecute(AbstractEventExecutor.java)
	at io.netty.util.concurrent.SingleThreadEventExecutor.runAllTasks(SingleThreadEventExecutor.java:405)
	at io.netty.channel.nio.NioEventLoop.run(NioEventLoop.java:500)
	at io.netty.util.concurrent.SingleThreadEventExecutor$5.run(SingleThreadEventExecutor.java:906)
	at io.netty.util.internal.ThreadExecutorMap$2.run(ThreadExecutorMap.java:74)
	at java.lang.Thread.run(Thread.java:745)
2019-12-05 14:08:36 INFO  [hc-monitor-admin,,,] reactor-http-nio-2 de.codecentric.boot.admin.server.services.StatusUpdater Couldn't retrieve status for Instance(id=eaa3ebb2d5b7, version=3, registration=Registration(name=hc-auth, managementUrl=http://DESKTOP-R1RTOA8:9020/actuator, healthUrl=http://DESKTOP-R1RTOA8:9020/actuator/health, serviceUrl=http://DESKTOP-R1RTOA8:9020/, source=http-api), registered=true, statusInfo=StatusInfo(status=UP, details={hystrix={status=UP}, clientConfigServer={status=UP, details={propertySources=[configClient, https://github.com/sonake/server-config.git/sonake-cfg/hc-auth-dev.yml]}}, diskSpace={status=UP, details={total=214748360704, free=187176861696, threshold=10485760}}, refreshScope={status=UP}, discoveryComposite={status=UP, details={discoveryClient={status=UP, details={services=[hc-auth, hc-gateway, hc-config]}}, eureka={description=Remote status from Eureka server, status=UP, details={applications={HC-AUTH=1, HC-GATEWAY=1, HC-CONFIG=1}}}}}, db={status=UP, details={database=MySQL, hello=1}}, redis={status=UP, details={version=3.2.100}}}), statusTimestamp=2019-12-05T04:44:37.416Z, info=Info(values={app={name=hc-auth, description=@project.description@, version=@project.version@}}), endpoints=Endpoints(endpoints={httptrace=Endpoint(id=httptrace, url=http://DESKTOP-R1RTOA8:9020/actuator/httptrace), caches=Endpoint(id=caches, url=http://DESKTOP-R1RTOA8:9020/actuator/caches), loggers=Endpoint(id=loggers, url=http://DESKTOP-R1RTOA8:9020/actuator/loggers), refresh=Endpoint(id=refresh, url=http://DESKTOP-R1RTOA8:9020/actuator/refresh), health=Endpoint(id=health, url=http://DESKTOP-R1RTOA8:9020/actuator/health), env=Endpoint(id=env, url=http://DESKTOP-R1RTOA8:9020/actuator/env), heapdump=Endpoint(id=heapdump, url=http://DESKTOP-R1RTOA8:9020/actuator/heapdump), features=Endpoint(id=features, url=http://DESKTOP-R1RTOA8:9020/actuator/features), mappings=Endpoint(id=mappings, url=http://DESKTOP-R1RTOA8:9020/actuator/mappings), scheduledtasks=Endpoint(id=scheduledtasks, url=http://DESKTOP-R1RTOA8:9020/actuator/scheduledtasks), archaius=Endpoint(id=archaius, url=http://DESKTOP-R1RTOA8:9020/actuator/archaius), configprops=Endpoint(id=configprops, url=http://DESKTOP-R1RTOA8:9020/actuator/configprops), beans=Endpoint(id=beans, url=http://DESKTOP-R1RTOA8:9020/actuator/beans), threaddump=Endpoint(id=threaddump, url=http://DESKTOP-R1RTOA8:9020/actuator/threaddump), metrics=Endpoint(id=metrics, url=http://DESKTOP-R1RTOA8:9020/actuator/metrics), conditions=Endpoint(id=conditions, url=http://DESKTOP-R1RTOA8:9020/actuator/conditions), auditevents=Endpoint(id=auditevents, url=http://DESKTOP-R1RTOA8:9020/actuator/auditevents), service-registry=Endpoint(id=service-registry, url=http://DESKTOP-R1RTOA8:9020/actuator/service-registry), jolokia=Endpoint(id=jolokia, url=http://DESKTOP-R1RTOA8:9020/actuator/jolokia), info=Endpoint(id=info, url=http://DESKTOP-R1RTOA8:9020/actuator/info)}), buildVersion=null, tags=Tags(values={}))
java.io.IOException: 远程主机强迫关闭了一个现有的连接。
	at sun.nio.ch.SocketDispatcher.read0(Native Method)
	at sun.nio.ch.SocketDispatcher.read(SocketDispatcher.java:43)
	at sun.nio.ch.IOUtil.readIntoNativeBuffer(IOUtil.java:223)
	at sun.nio.ch.IOUtil.read(IOUtil.java:192)
	at sun.nio.ch.SocketChannelImpl.read(SocketChannelImpl.java:379)
	at io.netty.buffer.PooledUnsafeDirectByteBuf.setBytes(PooledUnsafeDirectByteBuf.java:288)
	at io.netty.buffer.AbstractByteBuf.writeBytes(AbstractByteBuf.java:1125)
	at io.netty.channel.socket.nio.NioSocketChannel.doReadBytes(NioSocketChannel.java:347)
	at io.netty.channel.nio.AbstractNioByteChannel$NioByteUnsafe.read(AbstractNioByteChannel.java:148)
	at io.netty.channel.nio.NioEventLoop.processSelectedKey(NioEventLoop.java:682)
	at io.netty.channel.nio.NioEventLoop.processSelectedKeysOptimized(NioEventLoop.java:617)
	at io.netty.channel.nio.NioEventLoop.processSelectedKeys(NioEventLoop.java:534)
	at io.netty.channel.nio.NioEventLoop.run(NioEventLoop.java:496)
	at io.netty.util.concurrent.SingleThreadEventExecutor$5.run(SingleThreadEventExecutor.java:906)
	at io.netty.util.internal.ThreadExecutorMap$2.run(ThreadExecutorMap.java:74)
	at java.lang.Thread.run(Thread.java:745)
2019-12-05 14:08:39 INFO  [hc-monitor-admin,,,] reactor-http-nio-2 de.codecentric.boot.admin.server.services.StatusUpdater Couldn't retrieve status for Instance(id=7b03b101c776, version=3, registration=Registration(name=hc-gateway, managementUrl=http://DESKTOP-R1RTOA8:9030/actuator, healthUrl=http://DESKTOP-R1RTOA8:9030/actuator/health, serviceUrl=http://DESKTOP-R1RTOA8:9030/, source=http-api), registered=true, statusInfo=StatusInfo(status=UP, details={hystrix={status=UP}, clientConfigServer={status=UP, details={propertySources=[configClient, https://github.com/sonake/server-config.git/sonake-cfg/hc-gateway-dev.yml]}}, diskSpace={status=UP, details={total=214748360704, free=187176960000, threshold=10485760}}, refreshScope={status=UP}, discoveryComposite={status=UP, details={discoveryClient={status=UP, details={services=[hc-config]}}, eureka={description=Remote status from Eureka server, status=UNKNOWN, details={applications={HC-CONFIG=1}}}}}, redis={status=UP, details={version=3.2.100}}}), statusTimestamp=2019-12-05T04:43:49.802Z, info=Info(values={app={name=hc-gateway, description=@project.description@, version=@project.version@}}), endpoints=Endpoints(endpoints={hystrix.stream=Endpoint(id=hystrix.stream, url=http://DESKTOP-R1RTOA8:9030/actuator/hystrix.stream), httptrace=Endpoint(id=httptrace, url=http://DESKTOP-R1RTOA8:9030/actuator/httptrace), caches=Endpoint(id=caches, url=http://DESKTOP-R1RTOA8:9030/actuator/caches), loggers=Endpoint(id=loggers, url=http://DESKTOP-R1RTOA8:9030/actuator/loggers), refresh=Endpoint(id=refresh, url=http://DESKTOP-R1RTOA8:9030/actuator/refresh), health=Endpoint(id=health, url=http://DESKTOP-R1RTOA8:9030/actuator/health), filters=Endpoint(id=filters, url=http://DESKTOP-R1RTOA8:9030/actuator/filters), env=Endpoint(id=env, url=http://DESKTOP-R1RTOA8:9030/actuator/env), heapdump=Endpoint(id=heapdump, url=http://DESKTOP-R1RTOA8:9030/actuator/heapdump), routes=Endpoint(id=routes, url=http://DESKTOP-R1RTOA8:9030/actuator/routes), features=Endpoint(id=features, url=http://DESKTOP-R1RTOA8:9030/actuator/features), mappings=Endpoint(id=mappings, url=http://DESKTOP-R1RTOA8:9030/actuator/mappings), scheduledtasks=Endpoint(id=scheduledtasks, url=http://DESKTOP-R1RTOA8:9030/actuator/scheduledtasks), archaius=Endpoint(id=archaius, url=http://DESKTOP-R1RTOA8:9030/actuator/archaius), configprops=Endpoint(id=configprops, url=http://DESKTOP-R1RTOA8:9030/actuator/configprops), beans=Endpoint(id=beans, url=http://DESKTOP-R1RTOA8:9030/actuator/beans), threaddump=Endpoint(id=threaddump, url=http://DESKTOP-R1RTOA8:9030/actuator/threaddump), metrics=Endpoint(id=metrics, url=http://DESKTOP-R1RTOA8:9030/actuator/metrics), conditions=Endpoint(id=conditions, url=http://DESKTOP-R1RTOA8:9030/actuator/conditions), auditevents=Endpoint(id=auditevents, url=http://DESKTOP-R1RTOA8:9030/actuator/auditevents), service-registry=Endpoint(id=service-registry, url=http://DESKTOP-R1RTOA8:9030/actuator/service-registry), jolokia=Endpoint(id=jolokia, url=http://DESKTOP-R1RTOA8:9030/actuator/jolokia), info=Endpoint(id=info, url=http://DESKTOP-R1RTOA8:9030/actuator/info)}), buildVersion=null, tags=Tags(values={}))
java.io.IOException: 远程主机强迫关闭了一个现有的连接。
	at sun.nio.ch.SocketDispatcher.read0(Native Method)
	at sun.nio.ch.SocketDispatcher.read(SocketDispatcher.java:43)
	at sun.nio.ch.IOUtil.readIntoNativeBuffer(IOUtil.java:223)
	at sun.nio.ch.IOUtil.read(IOUtil.java:192)
	at sun.nio.ch.SocketChannelImpl.read(SocketChannelImpl.java:379)
	at io.netty.buffer.PooledUnsafeDirectByteBuf.setBytes(PooledUnsafeDirectByteBuf.java:288)
	at io.netty.buffer.AbstractByteBuf.writeBytes(AbstractByteBuf.java:1125)
	at io.netty.channel.socket.nio.NioSocketChannel.doReadBytes(NioSocketChannel.java:347)
	at io.netty.channel.nio.AbstractNioByteChannel$NioByteUnsafe.read(AbstractNioByteChannel.java:148)
	at io.netty.channel.nio.NioEventLoop.processSelectedKey(NioEventLoop.java:682)
	at io.netty.channel.nio.NioEventLoop.processSelectedKeysOptimized(NioEventLoop.java:617)
	at io.netty.channel.nio.NioEventLoop.processSelectedKeys(NioEventLoop.java:534)
	at io.netty.channel.nio.NioEventLoop.run(NioEventLoop.java:496)
	at io.netty.util.concurrent.SingleThreadEventExecutor$5.run(SingleThreadEventExecutor.java:906)
	at io.netty.util.internal.ThreadExecutorMap$2.run(ThreadExecutorMap.java:74)
	at java.lang.Thread.run(Thread.java:745)
2019-12-05 14:08:54 INFO  [hc-monitor-admin,,,] reactor-http-nio-9 de.codecentric.boot.admin.server.services.StatusUpdater Couldn't retrieve status for Instance(id=f86b0848dd66, version=3, registration=Registration(name=hc-register, managementUrl=http://DESKTOP-R1RTOA8:9010/register/actuator, healthUrl=http://DESKTOP-R1RTOA8:9010/register/actuator/health, serviceUrl=http://DESKTOP-R1RTOA8:9010/register, source=http-api), registered=true, statusInfo=StatusInfo(status=UP, details={hystrix={status=UP}, diskSpace={status=UP, details={total=214748360704, free=187176992768, threshold=10485760}}, refreshScope={status=UP}, discoveryComposite={status=UP, details={discoveryClient={status=UP, details={services=[]}}, eureka={description=Remote status from Eureka server, status=UNKNOWN, details={applications={}}}}}}), statusTimestamp=2019-12-05T04:42:38.169Z, info=Info(values={app={name=hc-register, description=@project.description@, version=@project.version@}}), endpoints=Endpoints(endpoints={httptrace=Endpoint(id=httptrace, url=http://DESKTOP-R1RTOA8:9010/register/actuator/httptrace), caches=Endpoint(id=caches, url=http://DESKTOP-R1RTOA8:9010/register/actuator/caches), loggers=Endpoint(id=loggers, url=http://DESKTOP-R1RTOA8:9010/register/actuator/loggers), refresh=Endpoint(id=refresh, url=http://DESKTOP-R1RTOA8:9010/register/actuator/refresh), health=Endpoint(id=health, url=http://DESKTOP-R1RTOA8:9010/register/actuator/health), env=Endpoint(id=env, url=http://DESKTOP-R1RTOA8:9010/register/actuator/env), heapdump=Endpoint(id=heapdump, url=http://DESKTOP-R1RTOA8:9010/register/actuator/heapdump), features=Endpoint(id=features, url=http://DESKTOP-R1RTOA8:9010/register/actuator/features), mappings=Endpoint(id=mappings, url=http://DESKTOP-R1RTOA8:9010/register/actuator/mappings), scheduledtasks=Endpoint(id=scheduledtasks, url=http://DESKTOP-R1RTOA8:9010/register/actuator/scheduledtasks), archaius=Endpoint(id=archaius, url=http://DESKTOP-R1RTOA8:9010/register/actuator/archaius), configprops=Endpoint(id=configprops, url=http://DESKTOP-R1RTOA8:9010/register/actuator/configprops), beans=Endpoint(id=beans, url=http://DESKTOP-R1RTOA8:9010/register/actuator/beans), threaddump=Endpoint(id=threaddump, url=http://DESKTOP-R1RTOA8:9010/register/actuator/threaddump), metrics=Endpoint(id=metrics, url=http://DESKTOP-R1RTOA8:9010/register/actuator/metrics), conditions=Endpoint(id=conditions, url=http://DESKTOP-R1RTOA8:9010/register/actuator/conditions), auditevents=Endpoint(id=auditevents, url=http://DESKTOP-R1RTOA8:9010/register/actuator/auditevents), service-registry=Endpoint(id=service-registry, url=http://DESKTOP-R1RTOA8:9010/register/actuator/service-registry), jolokia=Endpoint(id=jolokia, url=http://DESKTOP-R1RTOA8:9010/register/actuator/jolokia), info=Endpoint(id=info, url=http://DESKTOP-R1RTOA8:9010/register/actuator/info)}), buildVersion=null, tags=Tags(values={}))
io.netty.channel.ConnectTimeoutException: connection timed out: DESKTOP-R1RTOA8/192.168.41.90:9010
	at io.netty.channel.nio.AbstractNioChannel$AbstractNioUnsafe$1.run(AbstractNioChannel.java:267)
	at io.netty.util.concurrent.PromiseTask$RunnableAdapter.call(PromiseTask.java:38)
	at io.netty.util.concurrent.ScheduledFutureTask.run(ScheduledFutureTask.java:127)
	at io.netty.util.concurrent.AbstractEventExecutor.safeExecute$$$capture(AbstractEventExecutor.java:163)
	at io.netty.util.concurrent.AbstractEventExecutor.safeExecute(AbstractEventExecutor.java)
	at io.netty.util.concurrent.SingleThreadEventExecutor.runAllTasks(SingleThreadEventExecutor.java:405)
	at io.netty.channel.nio.NioEventLoop.run(NioEventLoop.java:500)
	at io.netty.util.concurrent.SingleThreadEventExecutor$5.run(SingleThreadEventExecutor.java:906)
	at io.netty.util.internal.ThreadExecutorMap$2.run(ThreadExecutorMap.java:74)
	at java.lang.Thread.run(Thread.java:745)
2019-12-05 14:08:55 INFO  [hc-monitor-admin,,,] Thread-23 org.springframework.scheduling.concurrent.ThreadPoolTaskExecutor Shutting down ExecutorService 'applicationTaskExecutor'
2019-12-05 14:08:59 INFO  [hc-monitor-admin,,,] Thread-23 org.eclipse.jetty.server.AbstractConnector Stopped ServerConnector@71cea1b8{HTTP/1.1,[http/1.1]}{0.0.0.0:9060}
2019-12-05 14:08:59 INFO  [hc-monitor-admin,,,] Thread-23 org.eclipse.jetty.server.session node0 Stopped scavenging
2019-12-05 14:09:01 INFO  [hc-monitor-admin,,,] Thread-23 org.eclipse.jetty.server.handler.ContextHandler.application Destroying Spring FrameworkServlet 'dispatcherServlet'
2019-12-05 14:09:02 INFO  [hc-monitor-admin,,,] Thread-23 org.eclipse.jetty.server.handler.ContextHandler Stopped o.s.b.w.e.j.JettyEmbeddedWebAppContext@4f7be6c8{application,/,[file:///C:/Users/test/AppData/Local/Temp/jetty-docbase.2323805096429811302.9060/],UNAVAILABLE}
