2019-12-05 12:43:32 INFO  [hc-gateway,,,] main org.springframework.context.support.PostProcessorRegistrationDelegate$BeanPostProcessorChecker Bean 'org.springframework.cloud.autoconfigure.ConfigurationPropertiesRebinderAutoConfiguration' of type [org.springframework.cloud.autoconfigure.ConfigurationPropertiesRebinderAutoConfiguration$$EnhancerBySpringCGLIB$$ee2cc8f2] is not eligible for getting processed by all BeanPostProcessors (for example: not eligible for auto-proxying)
2019-12-05 12:43:33 INFO  [hc-gateway,,,] main org.springframework.cloud.netflix.eureka.InstanceInfoFactory Setting initial instance status as: STARTING
2019-12-05 12:43:33 INFO  [hc-gateway,,,] main com.netflix.discovery.DiscoveryClient Initializing Eureka in region us-east-1
2019-12-05 12:43:33 INFO  [hc-gateway,,,] main com.netflix.discovery.provider.DiscoveryJerseyProvider Using JSON encoding codec LegacyJacksonJson
2019-12-05 12:43:33 INFO  [hc-gateway,,,] main com.netflix.discovery.provider.DiscoveryJerseyProvider Using JSON decoding codec LegacyJacksonJson
2019-12-05 12:43:33 INFO  [hc-gateway,,,] main com.netflix.discovery.provider.DiscoveryJerseyProvider Using XML encoding codec XStreamXml
2019-12-05 12:43:33 INFO  [hc-gateway,,,] main com.netflix.discovery.provider.DiscoveryJerseyProvider Using XML decoding codec XStreamXml
2019-12-05 12:43:34 INFO  [hc-gateway,,,] main com.netflix.discovery.shared.resolver.aws.ConfigClusterResolver Resolving eureka endpoints via configuration
2019-12-05 12:43:34 INFO  [hc-gateway,,,] main com.netflix.discovery.DiscoveryClient Disable delta property : false
2019-12-05 12:43:34 INFO  [hc-gateway,,,] main com.netflix.discovery.DiscoveryClient Single vip registry refresh property : null
2019-12-05 12:43:34 INFO  [hc-gateway,,,] main com.netflix.discovery.DiscoveryClient Force full registry fetch : false
2019-12-05 12:43:34 INFO  [hc-gateway,,,] main com.netflix.discovery.DiscoveryClient Application is null : false
2019-12-05 12:43:34 INFO  [hc-gateway,,,] main com.netflix.discovery.DiscoveryClient Registered Applications size is zero : true
2019-12-05 12:43:34 INFO  [hc-gateway,,,] main com.netflix.discovery.DiscoveryClient Application version is -1: true
2019-12-05 12:43:34 INFO  [hc-gateway,,,] main com.netflix.discovery.DiscoveryClient Getting all instance registry info from the eureka server
2019-12-05 12:43:34 INFO  [hc-gateway,,,] main com.netflix.discovery.DiscoveryClient The response status is 200
2019-12-05 12:43:34 INFO  [hc-gateway,,,] main com.netflix.discovery.DiscoveryClient Starting heartbeat executor: renew interval is: 30
2019-12-05 12:43:34 INFO  [hc-gateway,,,] main com.netflix.discovery.InstanceInfoReplicator InstanceInfoReplicator onDemand update allowed rate per min is 4
2019-12-05 12:43:34 INFO  [hc-gateway,,,] main com.netflix.discovery.DiscoveryClient Discovery Client initialized at timestamp 1575521014856 with initial instances count: 1
2019-12-05 12:43:34 INFO  [hc-gateway,,,] main org.springframework.cloud.netflix.eureka.serviceregistry.EurekaServiceRegistry Registering application HC-GATEWAY with eureka with status UP
2019-12-05 12:43:34 INFO  [hc-gateway,,,] main com.netflix.discovery.DiscoveryClient Saw local status change event StatusChangeEvent [timestamp=1575521014891, current=UP, previous=STARTING]
2019-12-05 12:43:34 INFO  [hc-gateway,,,] DiscoveryClient-InstanceInfoReplicator-0 com.netflix.discovery.DiscoveryClient DiscoveryClient_HC-GATEWAY/DESKTOP-R1RTOA8:hc-gateway:9030: registering service...
2019-12-05 12:43:35 INFO  [hc-gateway,,,] main org.springframework.cloud.config.client.ConfigServicePropertySourceLocator Fetching config from server at : http://DESKTOP-R1RTOA8:9050/
2019-12-05 12:43:37 INFO  [hc-gateway,,,] main org.springframework.cloud.config.client.ConfigServicePropertySourceLocator Located environment: name=hc-gateway, profiles=[dev], label=null, version=4e957313e00d4ddce675c635e17cf802649eddad, state=null
2019-12-05 12:43:37 INFO  [hc-gateway,,,] main org.springframework.cloud.bootstrap.config.PropertySourceBootstrapConfiguration Located property source: CompositePropertySource {name='configService', propertySources=[MapPropertySource {name='configClient'}, MapPropertySource {name='https://github.com/sonake/server-config.git/sonake-cfg/hc-gateway-dev.yml'}]}
2019-12-05 12:43:37 INFO  [hc-gateway,,,] main com.hc.gateway.HcGatewayApplication The following profiles are active: dev
2019-12-05 12:43:38 INFO  [hc-gateway,,,] main org.springframework.data.repository.config.RepositoryConfigurationDelegate Multiple Spring Data modules found, entering strict repository configuration mode!
2019-12-05 12:43:38 INFO  [hc-gateway,,,] main org.springframework.data.repository.config.RepositoryConfigurationDelegate Bootstrapping Spring Data repositories in DEFAULT mode.
2019-12-05 12:43:38 INFO  [hc-gateway,,,] main org.springframework.data.repository.config.RepositoryConfigurationDelegate Finished Spring Data repository scanning in 10ms. Found 0 repository interfaces.
2019-12-05 12:43:38 INFO  [hc-gateway,,,] main org.springframework.cloud.context.scope.GenericScope BeanFactory id=2605542b-be10-3d26-bbce-83e11815dc6c
2019-12-05 12:43:38 INFO  [hc-gateway,,,] main org.springframework.context.support.PostProcessorRegistrationDelegate$BeanPostProcessorChecker Bean 'org.springframework.cloud.autoconfigure.ConfigurationPropertiesRebinderAutoConfiguration' of type [org.springframework.cloud.autoconfigure.ConfigurationPropertiesRebinderAutoConfiguration$$EnhancerBySpringCGLIB$$ee2cc8f2] is not eligible for getting processed by all BeanPostProcessors (for example: not eligible for auto-proxying)
2019-12-05 12:43:39 INFO  [hc-gateway,,,] main org.springframework.boot.web.embedded.tomcat.TomcatWebServer Tomcat initialized with port(s): 9030 (http)
2019-12-05 12:43:39 INFO  [hc-gateway,,,] main org.apache.coyote.http11.Http11NioProtocol Initializing ProtocolHandler ["http-nio-9030"]
2019-12-05 12:43:39 INFO  [hc-gateway,,,] main org.apache.catalina.core.StandardService Starting service [Tomcat]
2019-12-05 12:43:39 INFO  [hc-gateway,,,] main org.apache.catalina.core.StandardEngine Starting Servlet engine: [Apache Tomcat/9.0.21]
2019-12-05 12:43:39 INFO  [hc-gateway,,,] main org.apache.catalina.core.ContainerBase.[Tomcat].[localhost].[/] Initializing Spring embedded WebApplicationContext
2019-12-05 12:43:39 INFO  [hc-gateway,,,] main org.springframework.web.context.ContextLoader Root WebApplicationContext: initialization completed in 1513 ms
2019-12-05 12:43:39 INFO  [hc-gateway,,,] main com.netflix.config.sources.URLConfigurationSource To enable URLs as dynamic configuration sources, define System property archaius.configurationSource.additionalUrls or make config.properties available on classpath.
2019-12-05 12:43:39 INFO  [hc-gateway,,,] main com.netflix.config.DynamicPropertyFactory DynamicPropertyFactory is initialized with configuration sources: com.netflix.config.ConcurrentCompositeConfiguration@28a3fc34
2019-12-05 12:43:41 INFO  [hc-gateway,,,] main org.springframework.boot.actuate.endpoint.web.ServletEndpointRegistrar Registered '/actuator/jolokia' to jolokia-actuator-endpoint
2019-12-05 12:43:41 INFO  [hc-gateway,,,] main org.springframework.boot.actuate.endpoint.web.ServletEndpointRegistrar Registered '/actuator/hystrix.stream' to hystrix.stream-actuator-endpoint
2019-12-05 12:43:41 INFO  [hc-gateway,,,] main org.springframework.boot.autoconfigure.security.servlet.UserDetailsServiceAutoConfiguration 

Using generated security password: 89e107a1-8002-4b6d-a443-5b2754d8ba7a

2019-12-05 12:43:42 INFO  [hc-gateway,,,] main org.springframework.security.web.DefaultSecurityFilterChain Creating filter chain: any request, [org.springframework.security.web.context.request.async.WebAsyncManagerIntegrationFilter@44df834c, org.springframework.security.web.context.SecurityContextPersistenceFilter@4803bf73, org.springframework.security.web.header.HeaderWriterFilter@633cad4d, org.springframework.security.web.authentication.logout.LogoutFilter@75507e68, org.springframework.security.web.savedrequest.RequestCacheAwareFilter@13731ff4, org.springframework.security.web.servletapi.SecurityContextHolderAwareRequestFilter@c414eb3, org.springframework.security.web.authentication.AnonymousAuthenticationFilter@34c07ecc, org.springframework.security.web.session.SessionManagementFilter@267b678f, org.springframework.security.web.access.ExceptionTranslationFilter@69fe8c75, org.springframework.security.web.access.intercept.FilterSecurityInterceptor@4c6eaa65]
2019-12-05 12:43:42 INFO  [hc-gateway,,,] main com.netflix.config.sources.URLConfigurationSource To enable URLs as dynamic configuration sources, define System property archaius.configurationSource.additionalUrls or make config.properties available on classpath.
2019-12-05 12:43:42 INFO  [hc-gateway,,,] main org.springframework.scheduling.concurrent.ThreadPoolTaskExecutor Initializing ExecutorService 'applicationTaskExecutor'
2019-12-05 12:43:42 INFO  [hc-gateway,,,] main org.springframework.scheduling.concurrent.ThreadPoolTaskScheduler Initializing ExecutorService
2019-12-05 12:43:42 INFO  [hc-gateway,,,] main org.springframework.boot.actuate.endpoint.web.EndpointLinksResolver Exposing 23 endpoint(s) beneath base path '/actuator'
2019-12-05 12:43:42 INFO  [hc-gateway,,,] main com.netflix.discovery.DiscoveryClient Shutting down DiscoveryClient ...
2019-12-05 12:43:45 INFO  [hc-gateway,,,] main com.netflix.discovery.DiscoveryClient Unregistering ...
2019-12-05 12:43:45 INFO  [hc-gateway,,,] main com.netflix.discovery.DiscoveryClient DiscoveryClient_HC-GATEWAY/DESKTOP-R1RTOA8:hc-gateway:9030 - deregister  status: 200
2019-12-05 12:43:45 INFO  [hc-gateway,,,] main com.netflix.discovery.DiscoveryClient Completed shut down of DiscoveryClient
2019-12-05 12:43:46 INFO  [hc-gateway,,,] main org.springframework.cloud.netflix.zuul.ZuulFilterInitializer Starting filter initializer
2019-12-05 12:43:46 INFO  [hc-gateway,,,] main org.springframework.cloud.netflix.eureka.InstanceInfoFactory Setting initial instance status as: STARTING
2019-12-05 12:43:46 INFO  [hc-gateway,,,] main com.netflix.discovery.DiscoveryClient Initializing Eureka in region us-east-1
2019-12-05 12:43:46 INFO  [hc-gateway,,,] main com.netflix.discovery.provider.DiscoveryJerseyProvider Using JSON encoding codec LegacyJacksonJson
2019-12-05 12:43:46 INFO  [hc-gateway,,,] main com.netflix.discovery.provider.DiscoveryJerseyProvider Using JSON decoding codec LegacyJacksonJson
2019-12-05 12:43:46 INFO  [hc-gateway,,,] main com.netflix.discovery.provider.DiscoveryJerseyProvider Using XML encoding codec XStreamXml
2019-12-05 12:43:46 INFO  [hc-gateway,,,] main com.netflix.discovery.provider.DiscoveryJerseyProvider Using XML decoding codec XStreamXml
2019-12-05 12:43:46 INFO  [hc-gateway,,,] main com.netflix.discovery.shared.resolver.aws.ConfigClusterResolver Resolving eureka endpoints via configuration
2019-12-05 12:43:46 INFO  [hc-gateway,,,] main com.netflix.discovery.DiscoveryClient Disable delta property : false
2019-12-05 12:43:46 INFO  [hc-gateway,,,] main com.netflix.discovery.DiscoveryClient Single vip registry refresh property : null
2019-12-05 12:43:46 INFO  [hc-gateway,,,] main com.netflix.discovery.DiscoveryClient Force full registry fetch : false
2019-12-05 12:43:46 INFO  [hc-gateway,,,] main com.netflix.discovery.DiscoveryClient Application is null : false
2019-12-05 12:43:46 INFO  [hc-gateway,,,] main com.netflix.discovery.DiscoveryClient Registered Applications size is zero : true
2019-12-05 12:43:46 INFO  [hc-gateway,,,] main com.netflix.discovery.DiscoveryClient Application version is -1: true
2019-12-05 12:43:46 INFO  [hc-gateway,,,] main com.netflix.discovery.DiscoveryClient Getting all instance registry info from the eureka server
2019-12-05 12:43:46 INFO  [hc-gateway,,,] main com.netflix.discovery.DiscoveryClient The response status is 200
2019-12-05 12:43:46 INFO  [hc-gateway,,,] main com.netflix.discovery.DiscoveryClient Starting heartbeat executor: renew interval is: 30
2019-12-05 12:43:46 INFO  [hc-gateway,,,] main com.netflix.discovery.InstanceInfoReplicator InstanceInfoReplicator onDemand update allowed rate per min is 4
2019-12-05 12:43:46 INFO  [hc-gateway,,,] main com.netflix.discovery.DiscoveryClient Discovery Client initialized at timestamp 1575521026306 with initial instances count: 1
2019-12-05 12:43:46 INFO  [hc-gateway,,,] main org.springframework.cloud.netflix.eureka.serviceregistry.EurekaServiceRegistry Registering application HC-GATEWAY with eureka with status UP
2019-12-05 12:43:46 INFO  [hc-gateway,,,] main com.netflix.discovery.DiscoveryClient Saw local status change event StatusChangeEvent [timestamp=1575521026307, current=UP, previous=STARTING]
2019-12-05 12:43:46 INFO  [hc-gateway,,,] DiscoveryClient-InstanceInfoReplicator-0 com.netflix.discovery.DiscoveryClient DiscoveryClient_HC-GATEWAY/DESKTOP-R1RTOA8:hc-gateway:9030: registering service...
2019-12-05 12:43:46 INFO  [hc-gateway,,,] DiscoveryClient-InstanceInfoReplicator-0 com.netflix.discovery.DiscoveryClient DiscoveryClient_HC-GATEWAY/DESKTOP-R1RTOA8:hc-gateway:9030 - registration status: 204
2019-12-05 12:43:46 INFO  [hc-gateway,,,] main org.apache.coyote.http11.Http11NioProtocol Starting ProtocolHandler ["http-nio-9030"]
2019-12-05 12:43:46 INFO  [hc-gateway,,,] main org.springframework.boot.web.embedded.tomcat.TomcatWebServer Tomcat started on port(s): 9030 (http) with context path ''
2019-12-05 12:43:46 INFO  [hc-gateway,,,] main org.springframework.cloud.netflix.eureka.serviceregistry.EurekaAutoServiceRegistration Updating port to 9030
2019-12-05 12:43:46 INFO  [hc-gateway,,,] main org.springframework.cloud.netflix.eureka.serviceregistry.EurekaAutoServiceRegistration Updating port to 9030
2019-12-05 12:43:46 INFO  [hc-gateway,,,] main com.hc.gateway.HcGatewayApplication Started HcGatewayApplication in 15.251 seconds (JVM running for 16.468)
2019-12-05 12:43:46 INFO  [hc-gateway,,,] main com.netflix.config.ChainedDynamicProperty Flipping property: hc-auth.ribbon.ActiveConnectionsLimit to use NEXT property: niws.loadbalancer.availabilityFilteringRule.activeConnectionsLimit = 2147483647
2019-12-05 12:43:46 INFO  [hc-gateway,,,] main com.netflix.util.concurrent.ShutdownEnabledTimer Shutdown hook installed for: NFLoadBalancer-PingTimer-hc-auth
2019-12-05 12:43:46 INFO  [hc-gateway,,,] main com.netflix.loadbalancer.BaseLoadBalancer Client: hc-auth instantiated a LoadBalancer: DynamicServerListLoadBalancer:{NFLoadBalancer:name=hc-auth,current list of Servers=[],Load balancer stats=Zone stats: {},Server stats: []}ServerList:null
2019-12-05 12:43:46 INFO  [hc-gateway,,,] main com.netflix.loadbalancer.DynamicServerListLoadBalancer Using serverListUpdater PollingServerListUpdater
2019-12-05 12:43:46 INFO  [hc-gateway,,,] main com.netflix.loadbalancer.DynamicServerListLoadBalancer DynamicServerListLoadBalancer for client hc-auth initialized: DynamicServerListLoadBalancer:{NFLoadBalancer:name=hc-auth,current list of Servers=[],Load balancer stats=Zone stats: {},Server stats: []}ServerList:org.springframework.cloud.netflix.ribbon.eureka.DomainExtractingServerList@e14559e
2019-12-05 12:43:46 INFO  [hc-gateway,,,] main com.netflix.config.ChainedDynamicProperty Flipping property: hc-server-system.ribbon.ActiveConnectionsLimit to use NEXT property: niws.loadbalancer.availabilityFilteringRule.activeConnectionsLimit = 2147483647
2019-12-05 12:43:46 INFO  [hc-gateway,,,] main com.netflix.util.concurrent.ShutdownEnabledTimer Shutdown hook installed for: NFLoadBalancer-PingTimer-hc-server-system
2019-12-05 12:43:46 INFO  [hc-gateway,,,] main com.netflix.loadbalancer.BaseLoadBalancer Client: hc-server-system instantiated a LoadBalancer: DynamicServerListLoadBalancer:{NFLoadBalancer:name=hc-server-system,current list of Servers=[],Load balancer stats=Zone stats: {},Server stats: []}ServerList:null
2019-12-05 12:43:46 INFO  [hc-gateway,,,] main com.netflix.loadbalancer.DynamicServerListLoadBalancer Using serverListUpdater PollingServerListUpdater
2019-12-05 12:43:46 INFO  [hc-gateway,,,] main com.netflix.loadbalancer.DynamicServerListLoadBalancer DynamicServerListLoadBalancer for client hc-server-system initialized: DynamicServerListLoadBalancer:{NFLoadBalancer:name=hc-server-system,current list of Servers=[],Load balancer stats=Zone stats: {},Server stats: []}ServerList:org.springframework.cloud.netflix.ribbon.eureka.DomainExtractingServerList@66487713
2019-12-05 12:43:46 INFO  [hc-gateway,,,] main com.netflix.config.ChainedDynamicProperty Flipping property: hc-server-test.ribbon.ActiveConnectionsLimit to use NEXT property: niws.loadbalancer.availabilityFilteringRule.activeConnectionsLimit = 2147483647
2019-12-05 12:43:46 INFO  [hc-gateway,,,] main com.netflix.util.concurrent.ShutdownEnabledTimer Shutdown hook installed for: NFLoadBalancer-PingTimer-hc-server-test
2019-12-05 12:43:46 INFO  [hc-gateway,,,] main com.netflix.loadbalancer.BaseLoadBalancer Client: hc-server-test instantiated a LoadBalancer: DynamicServerListLoadBalancer:{NFLoadBalancer:name=hc-server-test,current list of Servers=[],Load balancer stats=Zone stats: {},Server stats: []}ServerList:null
2019-12-05 12:43:46 INFO  [hc-gateway,,,] main com.netflix.loadbalancer.DynamicServerListLoadBalancer Using serverListUpdater PollingServerListUpdater
2019-12-05 12:43:46 INFO  [hc-gateway,,,] main com.netflix.loadbalancer.DynamicServerListLoadBalancer DynamicServerListLoadBalancer for client hc-server-test initialized: DynamicServerListLoadBalancer:{NFLoadBalancer:name=hc-server-test,current list of Servers=[],Load balancer stats=Zone stats: {},Server stats: []}ServerList:org.springframework.cloud.netflix.ribbon.eureka.DomainExtractingServerList@3b4b2c03
2019-12-05 12:43:46 INFO  [hc-gateway,,,] registrationTask1 de.codecentric.boot.admin.client.registration.ApplicationRegistrator Application registered itself as 7b03b101c776
2019-12-05 12:43:46 INFO  [hc-gateway,,,] http-nio-9030-exec-1 org.apache.catalina.core.ContainerBase.[Tomcat].[localhost].[/] Initializing Spring DispatcherServlet 'dispatcherServlet'
2019-12-05 12:43:46 INFO  [hc-gateway,,,] http-nio-9030-exec-1 org.springframework.web.servlet.DispatcherServlet Initializing Servlet 'dispatcherServlet'
2019-12-05 12:43:46 INFO  [hc-gateway,,,] http-nio-9030-exec-1 org.springframework.web.servlet.DispatcherServlet Completed initialization in 9 ms
2019-12-05 12:43:46 INFO  [hc-gateway,,,] http-nio-9030-exec-1 org.springframework.cloud.config.client.ConfigServicePropertySourceLocator Fetching config from server at : http://DESKTOP-R1RTOA8:9050/
2019-12-05 12:43:47 INFO  [hc-gateway,,,] RMI TCP Connection(8)-192.168.41.90 org.springframework.cloud.config.client.ConfigServicePropertySourceLocator Fetching config from server at : http://DESKTOP-R1RTOA8:9050/
2019-12-05 12:43:48 INFO  [hc-gateway,,,] http-nio-9030-exec-1 org.springframework.cloud.config.client.ConfigServicePropertySourceLocator Located environment: name=hc-gateway, profiles=[dev], label=null, version=4e957313e00d4ddce675c635e17cf802649eddad, state=null
2019-12-05 12:43:48 INFO  [hc-gateway,,,] parallel-1 io.lettuce.core.EpollProvider Starting without optional epoll library
2019-12-05 12:43:48 INFO  [hc-gateway,,,] parallel-1 io.lettuce.core.KqueueProvider Starting without optional kqueue library
2019-12-05 12:43:50 INFO  [hc-gateway,,,] RMI TCP Connection(8)-192.168.41.90 org.springframework.cloud.config.client.ConfigServicePropertySourceLocator Located environment: name=hc-gateway, profiles=[dev], label=null, version=4e957313e00d4ddce675c635e17cf802649eddad, state=null
2019-12-05 12:44:47 INFO  [hc-gateway,,,] PollingServerListUpdater-0 com.netflix.config.ChainedDynamicProperty Flipping property: hc-auth.ribbon.ActiveConnectionsLimit to use NEXT property: niws.loadbalancer.availabilityFilteringRule.activeConnectionsLimit = 2147483647
2019-12-05 12:45:17 INFO  [hc-gateway,,,] PollingServerListUpdater-0 com.netflix.config.ChainedDynamicProperty Flipping property: hc-server-system.ribbon.ActiveConnectionsLimit to use NEXT property: niws.loadbalancer.availabilityFilteringRule.activeConnectionsLimit = 2147483647
2019-12-05 12:45:47 INFO  [hc-gateway,,,] PollingServerListUpdater-0 com.netflix.config.ChainedDynamicProperty Flipping property: hc-server-test.ribbon.ActiveConnectionsLimit to use NEXT property: niws.loadbalancer.availabilityFilteringRule.activeConnectionsLimit = 2147483647
2019-12-05 12:48:46 INFO  [hc-gateway,,,] AsyncResolver-bootstrap-executor-0 com.netflix.discovery.shared.resolver.aws.ConfigClusterResolver Resolving eureka endpoints via configuration
2019-12-05 12:49:01 INFO  [hc-gateway,,,] http-nio-9030-exec-2 org.springframework.cloud.config.client.ConfigServicePropertySourceLocator Fetching config from server at : http://DESKTOP-R1RTOA8:9050/
2019-12-05 12:49:03 INFO  [hc-gateway,,,] http-nio-9030-exec-2 org.springframework.cloud.config.client.ConfigServicePropertySourceLocator Located environment: name=hc-gateway, profiles=[dev], label=null, version=4e957313e00d4ddce675c635e17cf802649eddad, state=null
2019-12-05 12:53:46 INFO  [hc-gateway,,,] AsyncResolver-bootstrap-executor-0 com.netflix.discovery.shared.resolver.aws.ConfigClusterResolver Resolving eureka endpoints via configuration
2019-12-05 12:54:01 INFO  [hc-gateway,,,] http-nio-9030-exec-8 org.springframework.cloud.config.client.ConfigServicePropertySourceLocator Fetching config from server at : http://DESKTOP-R1RTOA8:9050/
2019-12-05 12:54:03 INFO  [hc-gateway,,,] http-nio-9030-exec-8 org.springframework.cloud.config.client.ConfigServicePropertySourceLocator Located environment: name=hc-gateway, profiles=[dev], label=null, version=4e957313e00d4ddce675c635e17cf802649eddad, state=null
2019-12-05 12:58:46 INFO  [hc-gateway,,,] AsyncResolver-bootstrap-executor-0 com.netflix.discovery.shared.resolver.aws.ConfigClusterResolver Resolving eureka endpoints via configuration
2019-12-05 12:59:21 INFO  [hc-gateway,,,] http-nio-9030-exec-9 org.springframework.cloud.config.client.ConfigServicePropertySourceLocator Fetching config from server at : http://DESKTOP-R1RTOA8:9050/
2019-12-05 12:59:23 INFO  [hc-gateway,,,] http-nio-9030-exec-9 org.springframework.cloud.config.client.ConfigServicePropertySourceLocator Located environment: name=hc-gateway, profiles=[dev], label=null, version=4e957313e00d4ddce675c635e17cf802649eddad, state=null
2019-12-05 13:03:46 INFO  [hc-gateway,,,] AsyncResolver-bootstrap-executor-0 com.netflix.discovery.shared.resolver.aws.ConfigClusterResolver Resolving eureka endpoints via configuration
2019-12-05 13:04:21 INFO  [hc-gateway,,,] http-nio-9030-exec-6 org.springframework.cloud.config.client.ConfigServicePropertySourceLocator Fetching config from server at : http://DESKTOP-R1RTOA8:9050/
2019-12-05 13:04:23 INFO  [hc-gateway,,,] http-nio-9030-exec-6 org.springframework.cloud.config.client.ConfigServicePropertySourceLocator Located environment: name=hc-gateway, profiles=[dev], label=null, version=4e957313e00d4ddce675c635e17cf802649eddad, state=null
2019-12-05 13:08:46 INFO  [hc-gateway,,,] AsyncResolver-bootstrap-executor-0 com.netflix.discovery.shared.resolver.aws.ConfigClusterResolver Resolving eureka endpoints via configuration
2019-12-05 13:09:31 INFO  [hc-gateway,,,] http-nio-9030-exec-4 org.springframework.cloud.config.client.ConfigServicePropertySourceLocator Fetching config from server at : http://DESKTOP-R1RTOA8:9050/
2019-12-05 13:09:35 INFO  [hc-gateway,,,] http-nio-9030-exec-4 org.springframework.cloud.config.client.ConfigServicePropertySourceLocator Located environment: name=hc-gateway, profiles=[dev], label=null, version=4e957313e00d4ddce675c635e17cf802649eddad, state=null
2019-12-05 13:13:46 INFO  [hc-gateway,,,] AsyncResolver-bootstrap-executor-0 com.netflix.discovery.shared.resolver.aws.ConfigClusterResolver Resolving eureka endpoints via configuration
2019-12-05 13:14:31 INFO  [hc-gateway,,,] http-nio-9030-exec-1 org.springframework.cloud.config.client.ConfigServicePropertySourceLocator Fetching config from server at : http://DESKTOP-R1RTOA8:9050/
2019-12-05 13:14:35 INFO  [hc-gateway,,,] http-nio-9030-exec-1 org.springframework.cloud.config.client.ConfigServicePropertySourceLocator Located environment: name=hc-gateway, profiles=[dev], label=null, version=4e957313e00d4ddce675c635e17cf802649eddad, state=null
2019-12-05 13:18:46 INFO  [hc-gateway,,,] AsyncResolver-bootstrap-executor-0 com.netflix.discovery.shared.resolver.aws.ConfigClusterResolver Resolving eureka endpoints via configuration
2019-12-05 13:19:31 INFO  [hc-gateway,,,] http-nio-9030-exec-8 org.springframework.cloud.config.client.ConfigServicePropertySourceLocator Fetching config from server at : http://DESKTOP-R1RTOA8:9050/
2019-12-05 13:19:35 INFO  [hc-gateway,,,] http-nio-9030-exec-8 org.springframework.cloud.config.client.ConfigServicePropertySourceLocator Located environment: name=hc-gateway, profiles=[dev], label=null, version=4e957313e00d4ddce675c635e17cf802649eddad, state=null
2019-12-05 13:23:46 INFO  [hc-gateway,,,] AsyncResolver-bootstrap-executor-0 com.netflix.discovery.shared.resolver.aws.ConfigClusterResolver Resolving eureka endpoints via configuration
2019-12-05 13:24:51 INFO  [hc-gateway,,,] http-nio-9030-exec-5 org.springframework.cloud.config.client.ConfigServicePropertySourceLocator Fetching config from server at : http://DESKTOP-R1RTOA8:9050/
2019-12-05 13:24:55 INFO  [hc-gateway,,,] http-nio-9030-exec-5 org.springframework.cloud.config.client.ConfigServicePropertySourceLocator Located environment: name=hc-gateway, profiles=[dev], label=null, version=4e957313e00d4ddce675c635e17cf802649eddad, state=null
2019-12-05 13:28:46 INFO  [hc-gateway,,,] AsyncResolver-bootstrap-executor-0 com.netflix.discovery.shared.resolver.aws.ConfigClusterResolver Resolving eureka endpoints via configuration
2019-12-05 13:29:51 INFO  [hc-gateway,,,] http-nio-9030-exec-6 org.springframework.cloud.config.client.ConfigServicePropertySourceLocator Fetching config from server at : http://DESKTOP-R1RTOA8:9050/
2019-12-05 13:29:58 INFO  [hc-gateway,,,] http-nio-9030-exec-6 org.springframework.cloud.config.client.ConfigServicePropertySourceLocator Located environment: name=hc-gateway, profiles=[dev], label=null, version=4e957313e00d4ddce675c635e17cf802649eddad, state=null
2019-12-05 13:33:46 INFO  [hc-gateway,,,] AsyncResolver-bootstrap-executor-0 com.netflix.discovery.shared.resolver.aws.ConfigClusterResolver Resolving eureka endpoints via configuration
2019-12-05 13:35:11 INFO  [hc-gateway,,,] http-nio-9030-exec-4 org.springframework.cloud.config.client.ConfigServicePropertySourceLocator Fetching config from server at : http://DESKTOP-R1RTOA8:9050/
2019-12-05 13:35:15 INFO  [hc-gateway,,,] http-nio-9030-exec-4 org.springframework.cloud.config.client.ConfigServicePropertySourceLocator Located environment: name=hc-gateway, profiles=[dev], label=null, version=4e957313e00d4ddce675c635e17cf802649eddad, state=null
2019-12-05 13:38:46 INFO  [hc-gateway,,,] AsyncResolver-bootstrap-executor-0 com.netflix.discovery.shared.resolver.aws.ConfigClusterResolver Resolving eureka endpoints via configuration
2019-12-05 13:40:11 INFO  [hc-gateway,,,] http-nio-9030-exec-2 org.springframework.cloud.config.client.ConfigServicePropertySourceLocator Fetching config from server at : http://DESKTOP-R1RTOA8:9050/
2019-12-05 13:40:15 INFO  [hc-gateway,,,] http-nio-9030-exec-2 org.springframework.cloud.config.client.ConfigServicePropertySourceLocator Located environment: name=hc-gateway, profiles=[dev], label=null, version=4e957313e00d4ddce675c635e17cf802649eddad, state=null
2019-12-05 13:43:46 INFO  [hc-gateway,,,] AsyncResolver-bootstrap-executor-0 com.netflix.discovery.shared.resolver.aws.ConfigClusterResolver Resolving eureka endpoints via configuration
2019-12-05 13:45:31 INFO  [hc-gateway,,,] http-nio-9030-exec-8 org.springframework.cloud.config.client.ConfigServicePropertySourceLocator Fetching config from server at : http://DESKTOP-R1RTOA8:9050/
2019-12-05 13:45:35 INFO  [hc-gateway,,,] http-nio-9030-exec-8 org.springframework.cloud.config.client.ConfigServicePropertySourceLocator Located environment: name=hc-gateway, profiles=[dev], label=null, version=4e957313e00d4ddce675c635e17cf802649eddad, state=null
2019-12-05 13:48:46 INFO  [hc-gateway,,,] AsyncResolver-bootstrap-executor-0 com.netflix.discovery.shared.resolver.aws.ConfigClusterResolver Resolving eureka endpoints via configuration
2019-12-05 13:50:31 INFO  [hc-gateway,,,] http-nio-9030-exec-5 org.springframework.cloud.config.client.ConfigServicePropertySourceLocator Fetching config from server at : http://DESKTOP-R1RTOA8:9050/
2019-12-05 13:50:35 INFO  [hc-gateway,,,] http-nio-9030-exec-5 org.springframework.cloud.config.client.ConfigServicePropertySourceLocator Located environment: name=hc-gateway, profiles=[dev], label=null, version=4e957313e00d4ddce675c635e17cf802649eddad, state=null
2019-12-05 13:53:46 INFO  [hc-gateway,,,] AsyncResolver-bootstrap-executor-0 com.netflix.discovery.shared.resolver.aws.ConfigClusterResolver Resolving eureka endpoints via configuration
2019-12-05 13:55:33 INFO  [hc-gateway,,,] http-nio-9030-exec-7 org.springframework.cloud.config.client.ConfigServicePropertySourceLocator Fetching config from server at : http://DESKTOP-R1RTOA8:9050/
2019-12-05 13:55:36 INFO  [hc-gateway,,,] http-nio-9030-exec-7 org.springframework.cloud.config.client.ConfigServicePropertySourceLocator Located environment: name=hc-gateway, profiles=[dev], label=null, version=4e957313e00d4ddce675c635e17cf802649eddad, state=null
2019-12-05 13:58:46 INFO  [hc-gateway,,,] AsyncResolver-bootstrap-executor-0 com.netflix.discovery.shared.resolver.aws.ConfigClusterResolver Resolving eureka endpoints via configuration
2019-12-05 14:00:51 INFO  [hc-gateway,,,] http-nio-9030-exec-3 org.springframework.cloud.config.client.ConfigServicePropertySourceLocator Fetching config from server at : http://DESKTOP-R1RTOA8:9050/
2019-12-05 14:01:01 INFO  [hc-gateway,,,] http-nio-9030-exec-3 org.springframework.cloud.config.client.ConfigServicePropertySourceLocator Located environment: name=hc-gateway, profiles=[dev], label=null, version=4e957313e00d4ddce675c635e17cf802649eddad, state=null
2019-12-05 14:03:46 INFO  [hc-gateway,,,] AsyncResolver-bootstrap-executor-0 com.netflix.discovery.shared.resolver.aws.ConfigClusterResolver Resolving eureka endpoints via configuration
2019-12-05 14:05:52 INFO  [hc-gateway,,,] http-nio-9030-exec-2 org.springframework.cloud.config.client.ConfigServicePropertySourceLocator Fetching config from server at : http://DESKTOP-R1RTOA8:9050/
2019-12-05 14:05:55 INFO  [hc-gateway,,,] http-nio-9030-exec-2 org.springframework.cloud.config.client.ConfigServicePropertySourceLocator Located environment: name=hc-gateway, profiles=[dev], label=null, version=4e957313e00d4ddce675c635e17cf802649eddad, state=null
2019-12-05 14:07:57 INFO  [hc-gateway,,,] Thread-37 com.netflix.loadbalancer.PollingServerListUpdater Shutting down the Executor Pool for PollingServerListUpdater
2019-12-05 14:07:59 INFO  [hc-gateway,,,] Thread-33 org.springframework.cloud.netflix.eureka.serviceregistry.EurekaServiceRegistry Unregistering application HC-GATEWAY with eureka with status DOWN
2019-12-05 14:07:59 INFO  [hc-gateway,,,] DiscoveryClient-InstanceInfoReplicator-0 com.netflix.discovery.DiscoveryClient DiscoveryClient_HC-GATEWAY/DESKTOP-R1RTOA8:hc-gateway:9030: registering service...
2019-12-05 14:07:59 INFO  [hc-gateway,,,] DiscoveryClient-InstanceInfoReplicator-0 com.netflix.discovery.DiscoveryClient DiscoveryClient_HC-GATEWAY/DESKTOP-R1RTOA8:hc-gateway:9030 - registration status: 204
2019-12-05 14:08:01 INFO  [hc-gateway,,,] Thread-33 org.springframework.cloud.netflix.zuul.ZuulFilterInitializer Stopping filter initializer
2019-12-05 14:08:03 INFO  [hc-gateway,,,] Thread-33 com.netflix.util.concurrent.ShutdownEnabledTimer Shutdown hook removed for: NFLoadBalancer-PingTimer-hc-server-system
2019-12-05 14:08:04 INFO  [hc-gateway,,,] Thread-33 com.netflix.util.concurrent.ShutdownEnabledTimer Exception caught (might be ok if at shutdown)
java.lang.IllegalStateException: Shutdown in progress
	at java.lang.ApplicationShutdownHooks.remove(ApplicationShutdownHooks.java:82)
	at java.lang.Runtime.removeShutdownHook(Runtime.java:239)
	at com.netflix.util.concurrent.ShutdownEnabledTimer.cancel(ShutdownEnabledTimer.java:70)
	at com.netflix.loadbalancer.BaseLoadBalancer.cancelPingTask(BaseLoadBalancer.java:632)
	at com.netflix.loadbalancer.BaseLoadBalancer.shutdown(BaseLoadBalancer.java:883)
	at com.netflix.loadbalancer.DynamicServerListLoadBalancer.shutdown(DynamicServerListLoadBalancer.java:285)
	at sun.reflect.NativeMethodAccessorImpl.invoke0(Native Method)
	at sun.reflect.NativeMethodAccessorImpl.invoke(NativeMethodAccessorImpl.java:62)
	at sun.reflect.DelegatingMethodAccessorImpl.invoke(DelegatingMethodAccessorImpl.java:43)
	at java.lang.reflect.Method.invoke(Method.java:483)
	at org.springframework.beans.factory.support.DisposableBeanAdapter.invokeCustomDestroyMethod(DisposableBeanAdapter.java:339)
	at org.springframework.beans.factory.support.DisposableBeanAdapter.destroy(DisposableBeanAdapter.java:273)
	at org.springframework.beans.factory.support.DefaultSingletonBeanRegistry.destroyBean(DefaultSingletonBeanRegistry.java:571)
	at org.springframework.beans.factory.support.DefaultSingletonBeanRegistry.destroySingleton(DefaultSingletonBeanRegistry.java:543)
	at org.springframework.beans.factory.support.DefaultListableBeanFactory.destroySingleton(DefaultListableBeanFactory.java:1036)
	at org.springframework.beans.factory.support.DefaultSingletonBeanRegistry.destroySingletons(DefaultSingletonBeanRegistry.java:504)
	at org.springframework.beans.factory.support.DefaultListableBeanFactory.destroySingletons(DefaultListableBeanFactory.java:1029)
	at org.springframework.context.support.AbstractApplicationContext.destroyBeans(AbstractApplicationContext.java:1057)
	at org.springframework.context.support.AbstractApplicationContext.doClose(AbstractApplicationContext.java:1026)
	at org.springframework.context.support.AbstractApplicationContext.close(AbstractApplicationContext.java:975)
	at org.springframework.cloud.context.named.NamedContextFactory.destroy(NamedContextFactory.java:92)
	at org.springframework.beans.factory.support.DisposableBeanAdapter.destroy(DisposableBeanAdapter.java:258)
	at org.springframework.beans.factory.support.DefaultSingletonBeanRegistry.destroyBean(DefaultSingletonBeanRegistry.java:571)
	at org.springframework.beans.factory.support.DefaultSingletonBeanRegistry.destroySingleton(DefaultSingletonBeanRegistry.java:543)
	at org.springframework.beans.factory.support.DefaultListableBeanFactory.destroySingleton(DefaultListableBeanFactory.java:1036)
	at org.springframework.beans.factory.support.DefaultSingletonBeanRegistry.destroySingletons(DefaultSingletonBeanRegistry.java:504)
	at org.springframework.beans.factory.support.DefaultListableBeanFactory.destroySingletons(DefaultListableBeanFactory.java:1029)
	at org.springframework.context.support.AbstractApplicationContext.destroyBeans(AbstractApplicationContext.java:1057)
	at org.springframework.context.support.AbstractApplicationContext.doClose(AbstractApplicationContext.java:1026)
	at org.springframework.context.support.AbstractApplicationContext$1.run(AbstractApplicationContext.java:945)
2019-12-05 14:08:06 INFO  [hc-gateway,,,] Thread-33 com.netflix.util.concurrent.ShutdownEnabledTimer Shutdown hook removed for: NFLoadBalancer-PingTimer-hc-auth
2019-12-05 14:08:06 INFO  [hc-gateway,,,] Thread-33 com.netflix.util.concurrent.ShutdownEnabledTimer Exception caught (might be ok if at shutdown)
java.lang.IllegalStateException: Shutdown in progress
	at java.lang.ApplicationShutdownHooks.remove(ApplicationShutdownHooks.java:82)
	at java.lang.Runtime.removeShutdownHook(Runtime.java:239)
	at com.netflix.util.concurrent.ShutdownEnabledTimer.cancel(ShutdownEnabledTimer.java:70)
	at com.netflix.loadbalancer.BaseLoadBalancer.cancelPingTask(BaseLoadBalancer.java:632)
	at com.netflix.loadbalancer.BaseLoadBalancer.shutdown(BaseLoadBalancer.java:883)
	at com.netflix.loadbalancer.DynamicServerListLoadBalancer.shutdown(DynamicServerListLoadBalancer.java:285)
	at sun.reflect.NativeMethodAccessorImpl.invoke0(Native Method)
	at sun.reflect.NativeMethodAccessorImpl.invoke(NativeMethodAccessorImpl.java:62)
	at sun.reflect.DelegatingMethodAccessorImpl.invoke(DelegatingMethodAccessorImpl.java:43)
	at java.lang.reflect.Method.invoke(Method.java:483)
	at org.springframework.beans.factory.support.DisposableBeanAdapter.invokeCustomDestroyMethod(DisposableBeanAdapter.java:339)
	at org.springframework.beans.factory.support.DisposableBeanAdapter.destroy(DisposableBeanAdapter.java:273)
	at org.springframework.beans.factory.support.DefaultSingletonBeanRegistry.destroyBean(DefaultSingletonBeanRegistry.java:571)
	at org.springframework.beans.factory.support.DefaultSingletonBeanRegistry.destroySingleton(DefaultSingletonBeanRegistry.java:543)
	at org.springframework.beans.factory.support.DefaultListableBeanFactory.destroySingleton(DefaultListableBeanFactory.java:1036)
	at org.springframework.beans.factory.support.DefaultSingletonBeanRegistry.destroySingletons(DefaultSingletonBeanRegistry.java:504)
	at org.springframework.beans.factory.support.DefaultListableBeanFactory.destroySingletons(DefaultListableBeanFactory.java:1029)
	at org.springframework.context.support.AbstractApplicationContext.destroyBeans(AbstractApplicationContext.java:1057)
	at org.springframework.context.support.AbstractApplicationContext.doClose(AbstractApplicationContext.java:1026)
	at org.springframework.context.support.AbstractApplicationContext.close(AbstractApplicationContext.java:975)
	at org.springframework.cloud.context.named.NamedContextFactory.destroy(NamedContextFactory.java:92)
	at org.springframework.beans.factory.support.DisposableBeanAdapter.destroy(DisposableBeanAdapter.java:258)
	at org.springframework.beans.factory.support.DefaultSingletonBeanRegistry.destroyBean(DefaultSingletonBeanRegistry.java:571)
	at org.springframework.beans.factory.support.DefaultSingletonBeanRegistry.destroySingleton(DefaultSingletonBeanRegistry.java:543)
	at org.springframework.beans.factory.support.DefaultListableBeanFactory.destroySingleton(DefaultListableBeanFactory.java:1036)
	at org.springframework.beans.factory.support.DefaultSingletonBeanRegistry.destroySingletons(DefaultSingletonBeanRegistry.java:504)
	at org.springframework.beans.factory.support.DefaultListableBeanFactory.destroySingletons(DefaultListableBeanFactory.java:1029)
	at org.springframework.context.support.AbstractApplicationContext.destroyBeans(AbstractApplicationContext.java:1057)
	at org.springframework.context.support.AbstractApplicationContext.doClose(AbstractApplicationContext.java:1026)
	at org.springframework.context.support.AbstractApplicationContext$1.run(AbstractApplicationContext.java:945)
2019-12-05 14:08:06 INFO  [hc-gateway,,,] Thread-33 com.netflix.util.concurrent.ShutdownEnabledTimer Shutdown hook removed for: NFLoadBalancer-PingTimer-hc-server-test
2019-12-05 14:08:06 INFO  [hc-gateway,,,] Thread-33 com.netflix.util.concurrent.ShutdownEnabledTimer Exception caught (might be ok if at shutdown)
java.lang.IllegalStateException: Shutdown in progress
	at java.lang.ApplicationShutdownHooks.remove(ApplicationShutdownHooks.java:82)
	at java.lang.Runtime.removeShutdownHook(Runtime.java:239)
	at com.netflix.util.concurrent.ShutdownEnabledTimer.cancel(ShutdownEnabledTimer.java:70)
	at com.netflix.loadbalancer.BaseLoadBalancer.cancelPingTask(BaseLoadBalancer.java:632)
	at com.netflix.loadbalancer.BaseLoadBalancer.shutdown(BaseLoadBalancer.java:883)
	at com.netflix.loadbalancer.DynamicServerListLoadBalancer.shutdown(DynamicServerListLoadBalancer.java:285)
	at sun.reflect.NativeMethodAccessorImpl.invoke0(Native Method)
	at sun.reflect.NativeMethodAccessorImpl.invoke(NativeMethodAccessorImpl.java:62)
	at sun.reflect.DelegatingMethodAccessorImpl.invoke(DelegatingMethodAccessorImpl.java:43)
	at java.lang.reflect.Method.invoke(Method.java:483)
	at org.springframework.beans.factory.support.DisposableBeanAdapter.invokeCustomDestroyMethod(DisposableBeanAdapter.java:339)
	at org.springframework.beans.factory.support.DisposableBeanAdapter.destroy(DisposableBeanAdapter.java:273)
	at org.springframework.beans.factory.support.DefaultSingletonBeanRegistry.destroyBean(DefaultSingletonBeanRegistry.java:571)
	at org.springframework.beans.factory.support.DefaultSingletonBeanRegistry.destroySingleton(DefaultSingletonBeanRegistry.java:543)
	at org.springframework.beans.factory.support.DefaultListableBeanFactory.destroySingleton(DefaultListableBeanFactory.java:1036)
	at org.springframework.beans.factory.support.DefaultSingletonBeanRegistry.destroySingletons(DefaultSingletonBeanRegistry.java:504)
	at org.springframework.beans.factory.support.DefaultListableBeanFactory.destroySingletons(DefaultListableBeanFactory.java:1029)
	at org.springframework.context.support.AbstractApplicationContext.destroyBeans(AbstractApplicationContext.java:1057)
	at org.springframework.context.support.AbstractApplicationContext.doClose(AbstractApplicationContext.java:1026)
	at org.springframework.context.support.AbstractApplicationContext.close(AbstractApplicationContext.java:975)
	at org.springframework.cloud.context.named.NamedContextFactory.destroy(NamedContextFactory.java:92)
	at org.springframework.beans.factory.support.DisposableBeanAdapter.destroy(DisposableBeanAdapter.java:258)
	at org.springframework.beans.factory.support.DefaultSingletonBeanRegistry.destroyBean(DefaultSingletonBeanRegistry.java:571)
	at org.springframework.beans.factory.support.DefaultSingletonBeanRegistry.destroySingleton(DefaultSingletonBeanRegistry.java:543)
	at org.springframework.beans.factory.support.DefaultListableBeanFactory.destroySingleton(DefaultListableBeanFactory.java:1036)
	at org.springframework.beans.factory.support.DefaultSingletonBeanRegistry.destroySingletons(DefaultSingletonBeanRegistry.java:504)
	at org.springframework.beans.factory.support.DefaultListableBeanFactory.destroySingletons(DefaultListableBeanFactory.java:1029)
	at org.springframework.context.support.AbstractApplicationContext.destroyBeans(AbstractApplicationContext.java:1057)
	at org.springframework.context.support.AbstractApplicationContext.doClose(AbstractApplicationContext.java:1026)
	at org.springframework.context.support.AbstractApplicationContext$1.run(AbstractApplicationContext.java:945)
2019-12-05 14:08:07 INFO  [hc-gateway,,,] Thread-33 org.springframework.scheduling.concurrent.ThreadPoolTaskScheduler Shutting down ExecutorService
2019-12-05 14:08:07 INFO  [hc-gateway,,,] Thread-33 org.springframework.scheduling.concurrent.ThreadPoolTaskExecutor Shutting down ExecutorService 'applicationTaskExecutor'
2019-12-05 14:08:20 INFO  [hc-gateway,,,] Thread-33 com.netflix.discovery.DiscoveryClient Shutting down DiscoveryClient ...
2019-12-05 14:08:23 INFO  [hc-gateway,,,] Thread-33 com.netflix.discovery.DiscoveryClient Unregistering ...
2019-12-05 14:08:23 INFO  [hc-gateway,,,] Thread-33 com.netflix.discovery.DiscoveryClient DiscoveryClient_HC-GATEWAY/DESKTOP-R1RTOA8:hc-gateway:9030 - deregister  status: 200
2019-12-05 14:08:26 INFO  [hc-gateway,,,] Thread-33 com.netflix.discovery.DiscoveryClient Completed shut down of DiscoveryClient
2019-12-05 14:14:50 INFO  [hc-gateway,,,] main org.springframework.context.support.PostProcessorRegistrationDelegate$BeanPostProcessorChecker Bean 'org.springframework.cloud.autoconfigure.ConfigurationPropertiesRebinderAutoConfiguration' of type [org.springframework.cloud.autoconfigure.ConfigurationPropertiesRebinderAutoConfiguration$$EnhancerBySpringCGLIB$$cadfee7a] is not eligible for getting processed by all BeanPostProcessors (for example: not eligible for auto-proxying)
2019-12-05 14:14:51 INFO  [hc-gateway,,,] main org.springframework.cloud.netflix.eureka.InstanceInfoFactory Setting initial instance status as: STARTING
2019-12-05 14:14:51 INFO  [hc-gateway,,,] main com.netflix.discovery.DiscoveryClient Initializing Eureka in region us-east-1
2019-12-05 14:14:52 INFO  [hc-gateway,,,] main com.netflix.discovery.provider.DiscoveryJerseyProvider Using JSON encoding codec LegacyJacksonJson
2019-12-05 14:14:52 INFO  [hc-gateway,,,] main com.netflix.discovery.provider.DiscoveryJerseyProvider Using JSON decoding codec LegacyJacksonJson
2019-12-05 14:14:52 INFO  [hc-gateway,,,] main com.netflix.discovery.provider.DiscoveryJerseyProvider Using XML encoding codec XStreamXml
2019-12-05 14:14:52 INFO  [hc-gateway,,,] main com.netflix.discovery.provider.DiscoveryJerseyProvider Using XML decoding codec XStreamXml
2019-12-05 14:14:52 INFO  [hc-gateway,,,] main com.netflix.discovery.shared.resolver.aws.ConfigClusterResolver Resolving eureka endpoints via configuration
2019-12-05 14:14:53 INFO  [hc-gateway,,,] main com.netflix.discovery.DiscoveryClient Disable delta property : false
2019-12-05 14:14:53 INFO  [hc-gateway,,,] main com.netflix.discovery.DiscoveryClient Single vip registry refresh property : null
2019-12-05 14:14:53 INFO  [hc-gateway,,,] main com.netflix.discovery.DiscoveryClient Force full registry fetch : false
2019-12-05 14:14:53 INFO  [hc-gateway,,,] main com.netflix.discovery.DiscoveryClient Application is null : false
2019-12-05 14:14:53 INFO  [hc-gateway,,,] main com.netflix.discovery.DiscoveryClient Registered Applications size is zero : true
2019-12-05 14:14:53 INFO  [hc-gateway,,,] main com.netflix.discovery.DiscoveryClient Application version is -1: true
2019-12-05 14:14:53 INFO  [hc-gateway,,,] main com.netflix.discovery.DiscoveryClient Getting all instance registry info from the eureka server
2019-12-05 14:14:53 INFO  [hc-gateway,,,] main com.netflix.discovery.DiscoveryClient The response status is 200
2019-12-05 14:14:53 INFO  [hc-gateway,,,] main com.netflix.discovery.DiscoveryClient Starting heartbeat executor: renew interval is: 30
2019-12-05 14:14:53 INFO  [hc-gateway,,,] main com.netflix.discovery.InstanceInfoReplicator InstanceInfoReplicator onDemand update allowed rate per min is 4
2019-12-05 14:14:53 INFO  [hc-gateway,,,] main com.netflix.discovery.DiscoveryClient Discovery Client initialized at timestamp 1575526493403 with initial instances count: 0
2019-12-05 14:14:53 INFO  [hc-gateway,,,] main org.springframework.cloud.netflix.eureka.serviceregistry.EurekaServiceRegistry Registering application HC-GATEWAY with eureka with status UP
2019-12-05 14:14:53 INFO  [hc-gateway,,,] main com.netflix.discovery.DiscoveryClient Saw local status change event StatusChangeEvent [timestamp=1575526493462, current=UP, previous=STARTING]
2019-12-05 14:14:53 INFO  [hc-gateway,,,] DiscoveryClient-InstanceInfoReplicator-0 com.netflix.discovery.DiscoveryClient DiscoveryClient_HC-GATEWAY/DESKTOP-R1RTOA8:hc-gateway:9030: registering service...
2019-12-05 14:14:53 INFO  [hc-gateway,,,] main org.springframework.boot.autoconfigure.logging.ConditionEvaluationReportLoggingListener 

Error starting ApplicationContext. To display the conditions report re-run your application with 'debug' enabled.
2019-12-05 14:14:53 INFO  [hc-gateway,,,] main org.springframework.cloud.netflix.eureka.serviceregistry.EurekaServiceRegistry Unregistering application HC-GATEWAY with eureka with status DOWN
2019-12-05 14:14:53 INFO  [hc-gateway,,,] main com.netflix.discovery.DiscoveryClient Shutting down DiscoveryClient ...
2019-12-05 14:14:53 INFO  [hc-gateway,,,] DiscoveryClient-InstanceInfoReplicator-0 com.netflix.discovery.DiscoveryClient DiscoveryClient_HC-GATEWAY/DESKTOP-R1RTOA8:hc-gateway:9030 - registration status: 204
2019-12-05 14:14:53 INFO  [hc-gateway,,,] DiscoveryClient-InstanceInfoReplicator-0 com.netflix.discovery.DiscoveryClient DiscoveryClient_HC-GATEWAY/DESKTOP-R1RTOA8:hc-gateway:9030: registering service...
2019-12-05 14:14:53 INFO  [hc-gateway,,,] DiscoveryClient-InstanceInfoReplicator-0 com.netflix.discovery.DiscoveryClient DiscoveryClient_HC-GATEWAY/DESKTOP-R1RTOA8:hc-gateway:9030 - registration status: 204
2019-12-05 14:14:53 INFO  [hc-gateway,,,] main com.netflix.discovery.DiscoveryClient Unregistering ...
2019-12-05 14:14:53 INFO  [hc-gateway,,,] main com.netflix.discovery.DiscoveryClient DiscoveryClient_HC-GATEWAY/DESKTOP-R1RTOA8:hc-gateway:9030 - deregister  status: 200
2019-12-05 14:14:53 INFO  [hc-gateway,,,] main com.netflix.discovery.DiscoveryClient Completed shut down of DiscoveryClient
2019-12-05 14:15:19 INFO  [hc-gateway,,,] main org.springframework.context.support.PostProcessorRegistrationDelegate$BeanPostProcessorChecker Bean 'org.springframework.cloud.autoconfigure.ConfigurationPropertiesRebinderAutoConfiguration' of type [org.springframework.cloud.autoconfigure.ConfigurationPropertiesRebinderAutoConfiguration$$EnhancerBySpringCGLIB$$d288aea5] is not eligible for getting processed by all BeanPostProcessors (for example: not eligible for auto-proxying)
2019-12-05 14:15:20 INFO  [hc-gateway,,,] main org.springframework.cloud.netflix.eureka.InstanceInfoFactory Setting initial instance status as: STARTING
2019-12-05 14:15:20 INFO  [hc-gateway,,,] main com.netflix.discovery.DiscoveryClient Initializing Eureka in region us-east-1
2019-12-05 14:15:21 INFO  [hc-gateway,,,] main com.netflix.discovery.provider.DiscoveryJerseyProvider Using JSON encoding codec LegacyJacksonJson
2019-12-05 14:15:21 INFO  [hc-gateway,,,] main com.netflix.discovery.provider.DiscoveryJerseyProvider Using JSON decoding codec LegacyJacksonJson
2019-12-05 14:15:21 INFO  [hc-gateway,,,] main com.netflix.discovery.provider.DiscoveryJerseyProvider Using XML encoding codec XStreamXml
2019-12-05 14:15:21 INFO  [hc-gateway,,,] main com.netflix.discovery.provider.DiscoveryJerseyProvider Using XML decoding codec XStreamXml
2019-12-05 14:15:21 INFO  [hc-gateway,,,] main com.netflix.discovery.shared.resolver.aws.ConfigClusterResolver Resolving eureka endpoints via configuration
2019-12-05 14:15:22 INFO  [hc-gateway,,,] main com.netflix.discovery.DiscoveryClient Disable delta property : false
2019-12-05 14:15:22 INFO  [hc-gateway,,,] main com.netflix.discovery.DiscoveryClient Single vip registry refresh property : null
2019-12-05 14:15:22 INFO  [hc-gateway,,,] main com.netflix.discovery.DiscoveryClient Force full registry fetch : false
2019-12-05 14:15:22 INFO  [hc-gateway,,,] main com.netflix.discovery.DiscoveryClient Application is null : false
2019-12-05 14:15:22 INFO  [hc-gateway,,,] main com.netflix.discovery.DiscoveryClient Registered Applications size is zero : true
2019-12-05 14:15:22 INFO  [hc-gateway,,,] main com.netflix.discovery.DiscoveryClient Application version is -1: true
2019-12-05 14:15:22 INFO  [hc-gateway,,,] main com.netflix.discovery.DiscoveryClient Getting all instance registry info from the eureka server
2019-12-05 14:15:23 INFO  [hc-gateway,,,] main com.netflix.discovery.DiscoveryClient The response status is 200
2019-12-05 14:15:23 INFO  [hc-gateway,,,] main com.netflix.discovery.DiscoveryClient Starting heartbeat executor: renew interval is: 30
2019-12-05 14:15:23 INFO  [hc-gateway,,,] main com.netflix.discovery.InstanceInfoReplicator InstanceInfoReplicator onDemand update allowed rate per min is 4
2019-12-05 14:15:23 INFO  [hc-gateway,,,] main com.netflix.discovery.DiscoveryClient Discovery Client initialized at timestamp 1575526523262 with initial instances count: 1
2019-12-05 14:15:23 INFO  [hc-gateway,,,] main org.springframework.cloud.netflix.eureka.serviceregistry.EurekaServiceRegistry Registering application HC-GATEWAY with eureka with status UP
2019-12-05 14:15:23 INFO  [hc-gateway,,,] main com.netflix.discovery.DiscoveryClient Saw local status change event StatusChangeEvent [timestamp=1575526523318, current=UP, previous=STARTING]
2019-12-05 14:15:23 INFO  [hc-gateway,,,] DiscoveryClient-InstanceInfoReplicator-0 com.netflix.discovery.DiscoveryClient DiscoveryClient_HC-GATEWAY/DESKTOP-R1RTOA8:hc-gateway:9030: registering service...
2019-12-05 14:15:24 INFO  [hc-gateway,,,] main org.springframework.cloud.config.client.ConfigServicePropertySourceLocator Fetching config from server at : http://DESKTOP-R1RTOA8:9050/
2019-12-05 14:15:29 INFO  [hc-gateway,,,] main org.springframework.cloud.config.client.ConfigServicePropertySourceLocator Located environment: name=hc-gateway, profiles=[dev], label=null, version=4e957313e00d4ddce675c635e17cf802649eddad, state=null
2019-12-05 14:15:29 INFO  [hc-gateway,,,] main org.springframework.cloud.bootstrap.config.PropertySourceBootstrapConfiguration Located property source: CompositePropertySource {name='configService', propertySources=[MapPropertySource {name='configClient'}, MapPropertySource {name='https://github.com/sonake/server-config.git/sonake-cfg/hc-gateway-dev.yml'}]}
2019-12-05 14:15:29 INFO  [hc-gateway,,,] main com.hc.gateway.HcGatewayApplication The following profiles are active: dev
2019-12-05 14:15:39 INFO  [hc-gateway,,,] main org.springframework.data.repository.config.RepositoryConfigurationDelegate Multiple Spring Data modules found, entering strict repository configuration mode!
2019-12-05 14:15:39 INFO  [hc-gateway,,,] main org.springframework.data.repository.config.RepositoryConfigurationDelegate Bootstrapping Spring Data repositories in DEFAULT mode.
2019-12-05 14:15:39 INFO  [hc-gateway,,,] main org.springframework.data.repository.config.RepositoryConfigurationDelegate Finished Spring Data repository scanning in 271ms. Found 0 repository interfaces.
2019-12-05 14:15:42 INFO  [hc-gateway,,,] main org.springframework.cloud.context.scope.GenericScope BeanFactory id=2605542b-be10-3d26-bbce-83e11815dc6c
2019-12-05 14:15:43 INFO  [hc-gateway,,,] main org.springframework.context.support.PostProcessorRegistrationDelegate$BeanPostProcessorChecker Bean 'org.springframework.cloud.autoconfigure.ConfigurationPropertiesRebinderAutoConfiguration' of type [org.springframework.cloud.autoconfigure.ConfigurationPropertiesRebinderAutoConfiguration$$EnhancerBySpringCGLIB$$d288aea5] is not eligible for getting processed by all BeanPostProcessors (for example: not eligible for auto-proxying)
2019-12-05 14:15:44 INFO  [hc-gateway,,,] main org.springframework.boot.web.embedded.tomcat.TomcatWebServer Tomcat initialized with port(s): 9030 (http)
2019-12-05 14:15:44 INFO  [hc-gateway,,,] main org.apache.coyote.http11.Http11NioProtocol Initializing ProtocolHandler ["http-nio-9030"]
2019-12-05 14:15:44 INFO  [hc-gateway,,,] main org.apache.catalina.core.StandardService Starting service [Tomcat]
2019-12-05 14:15:44 INFO  [hc-gateway,,,] main org.apache.catalina.core.StandardEngine Starting Servlet engine: [Apache Tomcat/9.0.21]
2019-12-05 14:15:44 INFO  [hc-gateway,,,] main org.apache.catalina.core.ContainerBase.[Tomcat].[localhost].[/] Initializing Spring embedded WebApplicationContext
2019-12-05 14:15:44 INFO  [hc-gateway,,,] main org.springframework.web.context.ContextLoader Root WebApplicationContext: initialization completed in 13137 ms
2019-12-05 14:15:44 INFO  [hc-gateway,,,] main com.netflix.config.sources.URLConfigurationSource To enable URLs as dynamic configuration sources, define System property archaius.configurationSource.additionalUrls or make config.properties available on classpath.
2019-12-05 14:15:45 INFO  [hc-gateway,,,] main com.netflix.config.DynamicPropertyFactory DynamicPropertyFactory is initialized with configuration sources: com.netflix.config.ConcurrentCompositeConfiguration@61b0af9f
2019-12-05 14:15:49 INFO  [hc-gateway,,,] main org.springframework.boot.actuate.endpoint.web.ServletEndpointRegistrar Registered '/actuator/jolokia' to jolokia-actuator-endpoint
2019-12-05 14:15:49 INFO  [hc-gateway,,,] main org.springframework.boot.actuate.endpoint.web.ServletEndpointRegistrar Registered '/actuator/hystrix.stream' to hystrix.stream-actuator-endpoint
2019-12-05 14:15:51 INFO  [hc-gateway,,,] main org.springframework.boot.autoconfigure.security.servlet.UserDetailsServiceAutoConfiguration 

Using generated security password: 8155db86-940d-4c5b-84bc-51bb8f86eb4b

2019-12-05 14:15:51 INFO  [hc-gateway,,,] main org.springframework.security.web.DefaultSecurityFilterChain Creating filter chain: any request, [org.springframework.security.web.context.request.async.WebAsyncManagerIntegrationFilter@67216c33, org.springframework.security.web.context.SecurityContextPersistenceFilter@1b984ba5, org.springframework.security.web.header.HeaderWriterFilter@27ac3b6d, org.springframework.security.web.authentication.logout.LogoutFilter@23ee70a7, org.springframework.security.web.savedrequest.RequestCacheAwareFilter@41433530, org.springframework.security.web.servletapi.SecurityContextHolderAwareRequestFilter@15a41088, org.springframework.security.web.authentication.AnonymousAuthenticationFilter@6ec77cab, org.springframework.security.web.session.SessionManagementFilter@6e96f3cd, org.springframework.security.web.access.ExceptionTranslationFilter@37fd496a, org.springframework.security.web.access.intercept.FilterSecurityInterceptor@4987142d]
2019-12-05 14:15:52 INFO  [hc-gateway,,,] main com.netflix.config.sources.URLConfigurationSource To enable URLs as dynamic configuration sources, define System property archaius.configurationSource.additionalUrls or make config.properties available on classpath.
2019-12-05 14:15:53 INFO  [hc-gateway,,,] main org.springframework.scheduling.concurrent.ThreadPoolTaskExecutor Initializing ExecutorService 'applicationTaskExecutor'
2019-12-05 14:15:53 INFO  [hc-gateway,,,] main org.springframework.scheduling.concurrent.ThreadPoolTaskScheduler Initializing ExecutorService
2019-12-05 14:15:56 INFO  [hc-gateway,,,] main org.springframework.boot.actuate.endpoint.web.EndpointLinksResolver Exposing 23 endpoint(s) beneath base path '/actuator'
2019-12-05 14:15:56 INFO  [hc-gateway,,,] main com.netflix.discovery.DiscoveryClient Shutting down DiscoveryClient ...
2019-12-05 14:15:59 INFO  [hc-gateway,,,] main com.netflix.discovery.DiscoveryClient Unregistering ...
2019-12-05 14:15:59 INFO  [hc-gateway,,,] main com.netflix.discovery.DiscoveryClient DiscoveryClient_HC-GATEWAY/DESKTOP-R1RTOA8:hc-gateway:9030 - deregister  status: 200
2019-12-05 14:15:59 INFO  [hc-gateway,,,] main com.netflix.discovery.DiscoveryClient Completed shut down of DiscoveryClient
2019-12-05 14:15:59 INFO  [hc-gateway,,,] main org.springframework.cloud.netflix.zuul.ZuulFilterInitializer Starting filter initializer
2019-12-05 14:15:59 INFO  [hc-gateway,,,] main org.springframework.cloud.netflix.eureka.InstanceInfoFactory Setting initial instance status as: STARTING
2019-12-05 14:15:59 INFO  [hc-gateway,,,] main com.netflix.discovery.DiscoveryClient Initializing Eureka in region us-east-1
2019-12-05 14:15:59 INFO  [hc-gateway,,,] main com.netflix.discovery.provider.DiscoveryJerseyProvider Using JSON encoding codec LegacyJacksonJson
2019-12-05 14:15:59 INFO  [hc-gateway,,,] main com.netflix.discovery.provider.DiscoveryJerseyProvider Using JSON decoding codec LegacyJacksonJson
2019-12-05 14:15:59 INFO  [hc-gateway,,,] main com.netflix.discovery.provider.DiscoveryJerseyProvider Using XML encoding codec XStreamXml
2019-12-05 14:15:59 INFO  [hc-gateway,,,] main com.netflix.discovery.provider.DiscoveryJerseyProvider Using XML decoding codec XStreamXml
2019-12-05 14:16:00 INFO  [hc-gateway,,,] main com.netflix.discovery.shared.resolver.aws.ConfigClusterResolver Resolving eureka endpoints via configuration
2019-12-05 14:16:00 INFO  [hc-gateway,,,] main com.netflix.discovery.DiscoveryClient Disable delta property : false
2019-12-05 14:16:00 INFO  [hc-gateway,,,] main com.netflix.discovery.DiscoveryClient Single vip registry refresh property : null
2019-12-05 14:16:00 INFO  [hc-gateway,,,] main com.netflix.discovery.DiscoveryClient Force full registry fetch : false
2019-12-05 14:16:00 INFO  [hc-gateway,,,] main com.netflix.discovery.DiscoveryClient Application is null : false
2019-12-05 14:16:00 INFO  [hc-gateway,,,] main com.netflix.discovery.DiscoveryClient Registered Applications size is zero : true
2019-12-05 14:16:00 INFO  [hc-gateway,,,] main com.netflix.discovery.DiscoveryClient Application version is -1: true
2019-12-05 14:16:00 INFO  [hc-gateway,,,] main com.netflix.discovery.DiscoveryClient Getting all instance registry info from the eureka server
2019-12-05 14:16:00 INFO  [hc-gateway,,,] main com.netflix.discovery.DiscoveryClient The response status is 200
2019-12-05 14:16:00 INFO  [hc-gateway,,,] main com.netflix.discovery.DiscoveryClient Starting heartbeat executor: renew interval is: 30
2019-12-05 14:16:00 INFO  [hc-gateway,,,] main com.netflix.discovery.InstanceInfoReplicator InstanceInfoReplicator onDemand update allowed rate per min is 4
2019-12-05 14:16:00 INFO  [hc-gateway,,,] main com.netflix.discovery.DiscoveryClient Discovery Client initialized at timestamp 1575526560172 with initial instances count: 3
2019-12-05 14:16:00 INFO  [hc-gateway,,,] main org.springframework.cloud.netflix.eureka.serviceregistry.EurekaServiceRegistry Registering application HC-GATEWAY with eureka with status UP
2019-12-05 14:16:00 INFO  [hc-gateway,,,] main com.netflix.discovery.DiscoveryClient Saw local status change event StatusChangeEvent [timestamp=1575526560173, current=UP, previous=STARTING]
2019-12-05 14:16:00 INFO  [hc-gateway,,,] DiscoveryClient-InstanceInfoReplicator-0 com.netflix.discovery.DiscoveryClient DiscoveryClient_HC-GATEWAY/DESKTOP-R1RTOA8:hc-gateway:9030: registering service...
2019-12-05 14:16:00 INFO  [hc-gateway,,,] main org.apache.coyote.http11.Http11NioProtocol Starting ProtocolHandler ["http-nio-9030"]
2019-12-05 14:16:00 INFO  [hc-gateway,,,] DiscoveryClient-InstanceInfoReplicator-0 com.netflix.discovery.DiscoveryClient DiscoveryClient_HC-GATEWAY/DESKTOP-R1RTOA8:hc-gateway:9030 - registration status: 204
2019-12-05 14:16:00 INFO  [hc-gateway,,,] main org.springframework.boot.web.embedded.tomcat.TomcatWebServer Tomcat started on port(s): 9030 (http) with context path ''
2019-12-05 14:16:00 INFO  [hc-gateway,,,] main org.springframework.cloud.netflix.eureka.serviceregistry.EurekaAutoServiceRegistration Updating port to 9030
2019-12-05 14:16:00 INFO  [hc-gateway,,,] main org.springframework.cloud.netflix.eureka.serviceregistry.EurekaAutoServiceRegistration Updating port to 9030
2019-12-05 14:16:00 INFO  [hc-gateway,,,] main com.hc.gateway.HcGatewayApplication Started HcGatewayApplication in 43.665 seconds (JVM running for 45.928)
2019-12-05 14:16:00 INFO  [hc-gateway,,,] RMI TCP Connection(18)-192.168.41.90 org.apache.catalina.core.ContainerBase.[Tomcat].[localhost].[/] Initializing Spring DispatcherServlet 'dispatcherServlet'
2019-12-05 14:16:00 INFO  [hc-gateway,,,] RMI TCP Connection(18)-192.168.41.90 org.springframework.web.servlet.DispatcherServlet Initializing Servlet 'dispatcherServlet'
2019-12-05 14:16:00 INFO  [hc-gateway,,,] RMI TCP Connection(18)-192.168.41.90 org.springframework.web.servlet.DispatcherServlet Completed initialization in 10 ms
2019-12-05 14:16:01 INFO  [hc-gateway,,,] RMI TCP Connection(20)-192.168.41.90 org.springframework.cloud.config.client.ConfigServicePropertySourceLocator Fetching config from server at : http://DESKTOP-R1RTOA8:9050/
2019-12-05 14:16:02 INFO  [hc-gateway,,,] main com.netflix.config.ChainedDynamicProperty Flipping property: hc-auth.ribbon.ActiveConnectionsLimit to use NEXT property: niws.loadbalancer.availabilityFilteringRule.activeConnectionsLimit = 2147483647
2019-12-05 14:16:02 INFO  [hc-gateway,,,] main com.netflix.util.concurrent.ShutdownEnabledTimer Shutdown hook installed for: NFLoadBalancer-PingTimer-hc-auth
2019-12-05 14:16:02 INFO  [hc-gateway,,,] main com.netflix.loadbalancer.BaseLoadBalancer Client: hc-auth instantiated a LoadBalancer: DynamicServerListLoadBalancer:{NFLoadBalancer:name=hc-auth,current list of Servers=[],Load balancer stats=Zone stats: {},Server stats: []}ServerList:null
2019-12-05 14:16:03 INFO  [hc-gateway,,,] main com.netflix.loadbalancer.DynamicServerListLoadBalancer Using serverListUpdater PollingServerListUpdater
2019-12-05 14:16:03 INFO  [hc-gateway,,,] RMI TCP Connection(20)-192.168.41.90 org.springframework.cloud.config.client.ConfigServicePropertySourceLocator Located environment: name=hc-gateway, profiles=[dev], label=null, version=4e957313e00d4ddce675c635e17cf802649eddad, state=null
2019-12-05 14:16:04 INFO  [hc-gateway,,,] main com.netflix.loadbalancer.DynamicServerListLoadBalancer DynamicServerListLoadBalancer for client hc-auth initialized: DynamicServerListLoadBalancer:{NFLoadBalancer:name=hc-auth,current list of Servers=[DESKTOP-R1RTOA8:9020],Load balancer stats=Zone stats: {},Server stats: [[Server:DESKTOP-R1RTOA8:9020;	Zone:defaultZone;	Total Requests:0;	Successive connection failure:0;	Total blackout seconds:0;	Last connection made:Thu Jan 01 08:00:00 CST 1970;	First connection made: Thu Jan 01 08:00:00 CST 1970;	Active Connections:0;	total failure count in last (1000) msecs:0;	average resp time:0.0;	90 percentile resp time:0.0;	95 percentile resp time:0.0;	min resp time:0.0;	max resp time:0.0;	stddev resp time:0.0]
]}ServerList:org.springframework.cloud.netflix.ribbon.eureka.DomainExtractingServerList@64dcfd09
2019-12-05 14:16:04 INFO  [hc-gateway,,,] PollingServerListUpdater-0 com.netflix.config.ChainedDynamicProperty Flipping property: hc-auth.ribbon.ActiveConnectionsLimit to use NEXT property: niws.loadbalancer.availabilityFilteringRule.activeConnectionsLimit = 2147483647
2019-12-05 14:16:05 INFO  [hc-gateway,,,] main com.netflix.config.ChainedDynamicProperty Flipping property: hc-server-system.ribbon.ActiveConnectionsLimit to use NEXT property: niws.loadbalancer.availabilityFilteringRule.activeConnectionsLimit = 2147483647
2019-12-05 14:16:05 INFO  [hc-gateway,,,] main com.netflix.util.concurrent.ShutdownEnabledTimer Shutdown hook installed for: NFLoadBalancer-PingTimer-hc-server-system
2019-12-05 14:16:05 INFO  [hc-gateway,,,] main com.netflix.loadbalancer.BaseLoadBalancer Client: hc-server-system instantiated a LoadBalancer: DynamicServerListLoadBalancer:{NFLoadBalancer:name=hc-server-system,current list of Servers=[],Load balancer stats=Zone stats: {},Server stats: []}ServerList:null
2019-12-05 14:16:05 INFO  [hc-gateway,,,] main com.netflix.loadbalancer.DynamicServerListLoadBalancer Using serverListUpdater PollingServerListUpdater
2019-12-05 14:16:05 INFO  [hc-gateway,,,] main com.netflix.config.ChainedDynamicProperty Flipping property: hc-server-system.ribbon.ActiveConnectionsLimit to use NEXT property: niws.loadbalancer.availabilityFilteringRule.activeConnectionsLimit = 2147483647
2019-12-05 14:16:05 INFO  [hc-gateway,,,] main com.netflix.loadbalancer.DynamicServerListLoadBalancer DynamicServerListLoadBalancer for client hc-server-system initialized: DynamicServerListLoadBalancer:{NFLoadBalancer:name=hc-server-system,current list of Servers=[DESKTOP-R1RTOA8:9041],Load balancer stats=Zone stats: {defaultzone=[Zone:defaultzone;	Instance count:1;	Active connections count: 0;	Circuit breaker tripped count: 0;	Active connections per server: 0.0;]
},Server stats: [[Server:DESKTOP-R1RTOA8:9041;	Zone:defaultZone;	Total Requests:0;	Successive connection failure:0;	Total blackout seconds:0;	Last connection made:Thu Jan 01 08:00:00 CST 1970;	First connection made: Thu Jan 01 08:00:00 CST 1970;	Active Connections:0;	total failure count in last (1000) msecs:0;	average resp time:0.0;	90 percentile resp time:0.0;	95 percentile resp time:0.0;	min resp time:0.0;	max resp time:0.0;	stddev resp time:0.0]
]}ServerList:org.springframework.cloud.netflix.ribbon.eureka.DomainExtractingServerList@433d5536
2019-12-05 14:16:06 INFO  [hc-gateway,,,] PollingServerListUpdater-0 com.netflix.config.ChainedDynamicProperty Flipping property: hc-server-system.ribbon.ActiveConnectionsLimit to use NEXT property: niws.loadbalancer.availabilityFilteringRule.activeConnectionsLimit = 2147483647
2019-12-05 14:16:07 INFO  [hc-gateway,,,] main com.netflix.config.ChainedDynamicProperty Flipping property: hc-server-test.ribbon.ActiveConnectionsLimit to use NEXT property: niws.loadbalancer.availabilityFilteringRule.activeConnectionsLimit = 2147483647
2019-12-05 14:16:07 INFO  [hc-gateway,,,] main com.netflix.util.concurrent.ShutdownEnabledTimer Shutdown hook installed for: NFLoadBalancer-PingTimer-hc-server-test
2019-12-05 14:16:07 INFO  [hc-gateway,,,] main com.netflix.loadbalancer.BaseLoadBalancer Client: hc-server-test instantiated a LoadBalancer: DynamicServerListLoadBalancer:{NFLoadBalancer:name=hc-server-test,current list of Servers=[],Load balancer stats=Zone stats: {},Server stats: []}ServerList:null
2019-12-05 14:16:07 INFO  [hc-gateway,,,] main com.netflix.loadbalancer.DynamicServerListLoadBalancer Using serverListUpdater PollingServerListUpdater
2019-12-05 14:16:07 INFO  [hc-gateway,,,] main com.netflix.loadbalancer.DynamicServerListLoadBalancer DynamicServerListLoadBalancer for client hc-server-test initialized: DynamicServerListLoadBalancer:{NFLoadBalancer:name=hc-server-test,current list of Servers=[],Load balancer stats=Zone stats: {},Server stats: []}ServerList:org.springframework.cloud.netflix.ribbon.eureka.DomainExtractingServerList@374712f8
2019-12-05 14:16:08 INFO  [hc-gateway,,,] parallel-1 io.lettuce.core.EpollProvider Starting without optional epoll library
2019-12-05 14:16:08 INFO  [hc-gateway,,,] parallel-1 io.lettuce.core.KqueueProvider Starting without optional kqueue library
2019-12-05 14:16:38 INFO  [hc-gateway,,,] PollingServerListUpdater-0 com.netflix.config.ChainedDynamicProperty Flipping property: hc-server-test.ribbon.ActiveConnectionsLimit to use NEXT property: niws.loadbalancer.availabilityFilteringRule.activeConnectionsLimit = 2147483647
2019-12-05 14:17:56 INFO  [hc-gateway,,,] http-nio-9030-exec-1 com.hc.gateway.filter.HcGatewayRequestFilter URI/system/actuator/HTTP MethodGETIP0:0:0:0:0:0:0:1ServerIdhc-server-system
2019-12-05 14:21:00 INFO  [hc-gateway,,,] AsyncResolver-bootstrap-executor-0 com.netflix.discovery.shared.resolver.aws.ConfigClusterResolver Resolving eureka endpoints via configuration
2019-12-05 14:26:00 INFO  [hc-gateway,,,] AsyncResolver-bootstrap-executor-0 com.netflix.discovery.shared.resolver.aws.ConfigClusterResolver Resolving eureka endpoints via configuration
2019-12-05 14:31:00 INFO  [hc-gateway,,,] AsyncResolver-bootstrap-executor-0 com.netflix.discovery.shared.resolver.aws.ConfigClusterResolver Resolving eureka endpoints via configuration
2019-12-05 14:36:00 INFO  [hc-gateway,,,] AsyncResolver-bootstrap-executor-0 com.netflix.discovery.shared.resolver.aws.ConfigClusterResolver Resolving eureka endpoints via configuration
2019-12-05 14:41:00 INFO  [hc-gateway,,,] AsyncResolver-bootstrap-executor-0 com.netflix.discovery.shared.resolver.aws.ConfigClusterResolver Resolving eureka endpoints via configuration
2019-12-05 14:46:00 INFO  [hc-gateway,,,] AsyncResolver-bootstrap-executor-0 com.netflix.discovery.shared.resolver.aws.ConfigClusterResolver Resolving eureka endpoints via configuration
2019-12-05 14:51:00 INFO  [hc-gateway,,,] AsyncResolver-bootstrap-executor-0 com.netflix.discovery.shared.resolver.aws.ConfigClusterResolver Resolving eureka endpoints via configuration
2019-12-05 14:56:00 INFO  [hc-gateway,,,] AsyncResolver-bootstrap-executor-0 com.netflix.discovery.shared.resolver.aws.ConfigClusterResolver Resolving eureka endpoints via configuration
2019-12-05 15:01:00 INFO  [hc-gateway,,,] AsyncResolver-bootstrap-executor-0 com.netflix.discovery.shared.resolver.aws.ConfigClusterResolver Resolving eureka endpoints via configuration
2019-12-05 15:06:00 INFO  [hc-gateway,,,] AsyncResolver-bootstrap-executor-0 com.netflix.discovery.shared.resolver.aws.ConfigClusterResolver Resolving eureka endpoints via configuration
2019-12-05 15:11:00 INFO  [hc-gateway,,,] AsyncResolver-bootstrap-executor-0 com.netflix.discovery.shared.resolver.aws.ConfigClusterResolver Resolving eureka endpoints via configuration
2019-12-05 15:16:00 INFO  [hc-gateway,,,] AsyncResolver-bootstrap-executor-0 com.netflix.discovery.shared.resolver.aws.ConfigClusterResolver Resolving eureka endpoints via configuration
2019-12-05 15:21:00 INFO  [hc-gateway,,,] AsyncResolver-bootstrap-executor-0 com.netflix.discovery.shared.resolver.aws.ConfigClusterResolver Resolving eureka endpoints via configuration
2019-12-05 15:26:00 INFO  [hc-gateway,,,] AsyncResolver-bootstrap-executor-0 com.netflix.discovery.shared.resolver.aws.ConfigClusterResolver Resolving eureka endpoints via configuration
2019-12-05 15:31:00 INFO  [hc-gateway,,,] AsyncResolver-bootstrap-executor-0 com.netflix.discovery.shared.resolver.aws.ConfigClusterResolver Resolving eureka endpoints via configuration
2019-12-05 15:36:00 INFO  [hc-gateway,,,] AsyncResolver-bootstrap-executor-0 com.netflix.discovery.shared.resolver.aws.ConfigClusterResolver Resolving eureka endpoints via configuration
2019-12-05 15:41:00 INFO  [hc-gateway,,,] AsyncResolver-bootstrap-executor-0 com.netflix.discovery.shared.resolver.aws.ConfigClusterResolver Resolving eureka endpoints via configuration
2019-12-05 15:46:00 INFO  [hc-gateway,,,] AsyncResolver-bootstrap-executor-0 com.netflix.discovery.shared.resolver.aws.ConfigClusterResolver Resolving eureka endpoints via configuration
2019-12-05 15:51:00 INFO  [hc-gateway,,,] AsyncResolver-bootstrap-executor-0 com.netflix.discovery.shared.resolver.aws.ConfigClusterResolver Resolving eureka endpoints via configuration
2019-12-05 15:56:00 INFO  [hc-gateway,,,] AsyncResolver-bootstrap-executor-0 com.netflix.discovery.shared.resolver.aws.ConfigClusterResolver Resolving eureka endpoints via configuration
2019-12-05 16:01:00 INFO  [hc-gateway,,,] AsyncResolver-bootstrap-executor-0 com.netflix.discovery.shared.resolver.aws.ConfigClusterResolver Resolving eureka endpoints via configuration
2019-12-05 16:06:00 INFO  [hc-gateway,,,] AsyncResolver-bootstrap-executor-0 com.netflix.discovery.shared.resolver.aws.ConfigClusterResolver Resolving eureka endpoints via configuration
2019-12-05 16:11:00 INFO  [hc-gateway,,,] AsyncResolver-bootstrap-executor-0 com.netflix.discovery.shared.resolver.aws.ConfigClusterResolver Resolving eureka endpoints via configuration
2019-12-05 16:16:00 INFO  [hc-gateway,,,] AsyncResolver-bootstrap-executor-0 com.netflix.discovery.shared.resolver.aws.ConfigClusterResolver Resolving eureka endpoints via configuration
2019-12-05 16:21:00 INFO  [hc-gateway,,,] AsyncResolver-bootstrap-executor-0 com.netflix.discovery.shared.resolver.aws.ConfigClusterResolver Resolving eureka endpoints via configuration
2019-12-05 16:26:00 INFO  [hc-gateway,,,] AsyncResolver-bootstrap-executor-0 com.netflix.discovery.shared.resolver.aws.ConfigClusterResolver Resolving eureka endpoints via configuration
2019-12-05 16:31:00 INFO  [hc-gateway,,,] AsyncResolver-bootstrap-executor-0 com.netflix.discovery.shared.resolver.aws.ConfigClusterResolver Resolving eureka endpoints via configuration
2019-12-05 16:36:00 INFO  [hc-gateway,,,] AsyncResolver-bootstrap-executor-0 com.netflix.discovery.shared.resolver.aws.ConfigClusterResolver Resolving eureka endpoints via configuration
2019-12-05 16:41:00 INFO  [hc-gateway,,,] AsyncResolver-bootstrap-executor-0 com.netflix.discovery.shared.resolver.aws.ConfigClusterResolver Resolving eureka endpoints via configuration
2019-12-05 16:46:00 INFO  [hc-gateway,,,] AsyncResolver-bootstrap-executor-0 com.netflix.discovery.shared.resolver.aws.ConfigClusterResolver Resolving eureka endpoints via configuration
2019-12-05 16:51:00 INFO  [hc-gateway,,,] AsyncResolver-bootstrap-executor-0 com.netflix.discovery.shared.resolver.aws.ConfigClusterResolver Resolving eureka endpoints via configuration
2019-12-05 16:56:01 INFO  [hc-gateway,,,] AsyncResolver-bootstrap-executor-0 com.netflix.discovery.shared.resolver.aws.ConfigClusterResolver Resolving eureka endpoints via configuration
2019-12-05 17:01:01 INFO  [hc-gateway,,,] AsyncResolver-bootstrap-executor-0 com.netflix.discovery.shared.resolver.aws.ConfigClusterResolver Resolving eureka endpoints via configuration
2019-12-05 17:06:01 INFO  [hc-gateway,,,] AsyncResolver-bootstrap-executor-0 com.netflix.discovery.shared.resolver.aws.ConfigClusterResolver Resolving eureka endpoints via configuration
2019-12-05 17:11:01 INFO  [hc-gateway,,,] AsyncResolver-bootstrap-executor-0 com.netflix.discovery.shared.resolver.aws.ConfigClusterResolver Resolving eureka endpoints via configuration
2019-12-05 17:16:01 INFO  [hc-gateway,,,] AsyncResolver-bootstrap-executor-0 com.netflix.discovery.shared.resolver.aws.ConfigClusterResolver Resolving eureka endpoints via configuration
2019-12-05 17:21:01 INFO  [hc-gateway,,,] AsyncResolver-bootstrap-executor-0 com.netflix.discovery.shared.resolver.aws.ConfigClusterResolver Resolving eureka endpoints via configuration
2019-12-05 17:26:01 INFO  [hc-gateway,,,] AsyncResolver-bootstrap-executor-0 com.netflix.discovery.shared.resolver.aws.ConfigClusterResolver Resolving eureka endpoints via configuration
2019-12-05 17:31:01 INFO  [hc-gateway,,,] AsyncResolver-bootstrap-executor-0 com.netflix.discovery.shared.resolver.aws.ConfigClusterResolver Resolving eureka endpoints via configuration
2019-12-05 17:36:01 INFO  [hc-gateway,,,] AsyncResolver-bootstrap-executor-0 com.netflix.discovery.shared.resolver.aws.ConfigClusterResolver Resolving eureka endpoints via configuration
2019-12-05 17:41:01 INFO  [hc-gateway,,,] AsyncResolver-bootstrap-executor-0 com.netflix.discovery.shared.resolver.aws.ConfigClusterResolver Resolving eureka endpoints via configuration
2019-12-05 17:46:01 INFO  [hc-gateway,,,] AsyncResolver-bootstrap-executor-0 com.netflix.discovery.shared.resolver.aws.ConfigClusterResolver Resolving eureka endpoints via configuration
2019-12-05 17:51:01 INFO  [hc-gateway,,,] AsyncResolver-bootstrap-executor-0 com.netflix.discovery.shared.resolver.aws.ConfigClusterResolver Resolving eureka endpoints via configuration
2019-12-05 17:56:01 INFO  [hc-gateway,,,] AsyncResolver-bootstrap-executor-0 com.netflix.discovery.shared.resolver.aws.ConfigClusterResolver Resolving eureka endpoints via configuration
2019-12-05 18:01:01 INFO  [hc-gateway,,,] AsyncResolver-bootstrap-executor-0 com.netflix.discovery.shared.resolver.aws.ConfigClusterResolver Resolving eureka endpoints via configuration
2019-12-05 18:06:01 INFO  [hc-gateway,,,] AsyncResolver-bootstrap-executor-0 com.netflix.discovery.shared.resolver.aws.ConfigClusterResolver Resolving eureka endpoints via configuration
2019-12-05 18:11:01 INFO  [hc-gateway,,,] AsyncResolver-bootstrap-executor-0 com.netflix.discovery.shared.resolver.aws.ConfigClusterResolver Resolving eureka endpoints via configuration
2019-12-05 18:16:01 INFO  [hc-gateway,,,] AsyncResolver-bootstrap-executor-0 com.netflix.discovery.shared.resolver.aws.ConfigClusterResolver Resolving eureka endpoints via configuration
2019-12-05 18:21:01 INFO  [hc-gateway,,,] AsyncResolver-bootstrap-executor-0 com.netflix.discovery.shared.resolver.aws.ConfigClusterResolver Resolving eureka endpoints via configuration
2019-12-05 18:26:01 INFO  [hc-gateway,,,] AsyncResolver-bootstrap-executor-0 com.netflix.discovery.shared.resolver.aws.ConfigClusterResolver Resolving eureka endpoints via configuration
2019-12-05 18:31:01 INFO  [hc-gateway,,,] AsyncResolver-bootstrap-executor-0 com.netflix.discovery.shared.resolver.aws.ConfigClusterResolver Resolving eureka endpoints via configuration
2019-12-05 18:36:01 INFO  [hc-gateway,,,] AsyncResolver-bootstrap-executor-0 com.netflix.discovery.shared.resolver.aws.ConfigClusterResolver Resolving eureka endpoints via configuration
2019-12-05 18:41:01 INFO  [hc-gateway,,,] AsyncResolver-bootstrap-executor-0 com.netflix.discovery.shared.resolver.aws.ConfigClusterResolver Resolving eureka endpoints via configuration
2019-12-05 18:46:01 INFO  [hc-gateway,,,] AsyncResolver-bootstrap-executor-0 com.netflix.discovery.shared.resolver.aws.ConfigClusterResolver Resolving eureka endpoints via configuration
2019-12-05 18:51:01 INFO  [hc-gateway,,,] AsyncResolver-bootstrap-executor-0 com.netflix.discovery.shared.resolver.aws.ConfigClusterResolver Resolving eureka endpoints via configuration
2019-12-05 18:56:01 INFO  [hc-gateway,,,] AsyncResolver-bootstrap-executor-0 com.netflix.discovery.shared.resolver.aws.ConfigClusterResolver Resolving eureka endpoints via configuration
2019-12-05 19:01:01 INFO  [hc-gateway,,,] AsyncResolver-bootstrap-executor-0 com.netflix.discovery.shared.resolver.aws.ConfigClusterResolver Resolving eureka endpoints via configuration
2019-12-05 19:06:01 INFO  [hc-gateway,,,] AsyncResolver-bootstrap-executor-0 com.netflix.discovery.shared.resolver.aws.ConfigClusterResolver Resolving eureka endpoints via configuration
2019-12-05 19:11:01 INFO  [hc-gateway,,,] AsyncResolver-bootstrap-executor-0 com.netflix.discovery.shared.resolver.aws.ConfigClusterResolver Resolving eureka endpoints via configuration
2019-12-05 19:16:01 INFO  [hc-gateway,,,] AsyncResolver-bootstrap-executor-0 com.netflix.discovery.shared.resolver.aws.ConfigClusterResolver Resolving eureka endpoints via configuration
2019-12-05 19:21:01 INFO  [hc-gateway,,,] AsyncResolver-bootstrap-executor-0 com.netflix.discovery.shared.resolver.aws.ConfigClusterResolver Resolving eureka endpoints via configuration
2019-12-05 19:26:01 INFO  [hc-gateway,,,] AsyncResolver-bootstrap-executor-0 com.netflix.discovery.shared.resolver.aws.ConfigClusterResolver Resolving eureka endpoints via configuration
2019-12-05 19:31:01 INFO  [hc-gateway,,,] AsyncResolver-bootstrap-executor-0 com.netflix.discovery.shared.resolver.aws.ConfigClusterResolver Resolving eureka endpoints via configuration
2019-12-05 19:36:01 INFO  [hc-gateway,,,] AsyncResolver-bootstrap-executor-0 com.netflix.discovery.shared.resolver.aws.ConfigClusterResolver Resolving eureka endpoints via configuration
2019-12-05 19:41:01 INFO  [hc-gateway,,,] AsyncResolver-bootstrap-executor-0 com.netflix.discovery.shared.resolver.aws.ConfigClusterResolver Resolving eureka endpoints via configuration
2019-12-05 19:46:01 INFO  [hc-gateway,,,] AsyncResolver-bootstrap-executor-0 com.netflix.discovery.shared.resolver.aws.ConfigClusterResolver Resolving eureka endpoints via configuration
2019-12-05 19:51:01 INFO  [hc-gateway,,,] AsyncResolver-bootstrap-executor-0 com.netflix.discovery.shared.resolver.aws.ConfigClusterResolver Resolving eureka endpoints via configuration
2019-12-05 19:56:01 INFO  [hc-gateway,,,] AsyncResolver-bootstrap-executor-0 com.netflix.discovery.shared.resolver.aws.ConfigClusterResolver Resolving eureka endpoints via configuration
2019-12-05 20:01:01 INFO  [hc-gateway,,,] AsyncResolver-bootstrap-executor-0 com.netflix.discovery.shared.resolver.aws.ConfigClusterResolver Resolving eureka endpoints via configuration
2019-12-05 20:06:01 INFO  [hc-gateway,,,] AsyncResolver-bootstrap-executor-0 com.netflix.discovery.shared.resolver.aws.ConfigClusterResolver Resolving eureka endpoints via configuration
2019-12-05 20:11:01 INFO  [hc-gateway,,,] AsyncResolver-bootstrap-executor-0 com.netflix.discovery.shared.resolver.aws.ConfigClusterResolver Resolving eureka endpoints via configuration
2019-12-05 20:16:01 INFO  [hc-gateway,,,] AsyncResolver-bootstrap-executor-0 com.netflix.discovery.shared.resolver.aws.ConfigClusterResolver Resolving eureka endpoints via configuration
2019-12-05 20:21:01 INFO  [hc-gateway,,,] AsyncResolver-bootstrap-executor-0 com.netflix.discovery.shared.resolver.aws.ConfigClusterResolver Resolving eureka endpoints via configuration
2019-12-05 20:26:01 INFO  [hc-gateway,,,] AsyncResolver-bootstrap-executor-0 com.netflix.discovery.shared.resolver.aws.ConfigClusterResolver Resolving eureka endpoints via configuration
2019-12-05 20:31:01 INFO  [hc-gateway,,,] AsyncResolver-bootstrap-executor-0 com.netflix.discovery.shared.resolver.aws.ConfigClusterResolver Resolving eureka endpoints via configuration
2019-12-05 20:36:01 INFO  [hc-gateway,,,] AsyncResolver-bootstrap-executor-0 com.netflix.discovery.shared.resolver.aws.ConfigClusterResolver Resolving eureka endpoints via configuration
2019-12-05 20:41:01 INFO  [hc-gateway,,,] AsyncResolver-bootstrap-executor-0 com.netflix.discovery.shared.resolver.aws.ConfigClusterResolver Resolving eureka endpoints via configuration
2019-12-05 20:46:01 INFO  [hc-gateway,,,] AsyncResolver-bootstrap-executor-0 com.netflix.discovery.shared.resolver.aws.ConfigClusterResolver Resolving eureka endpoints via configuration
2019-12-05 20:51:01 INFO  [hc-gateway,,,] AsyncResolver-bootstrap-executor-0 com.netflix.discovery.shared.resolver.aws.ConfigClusterResolver Resolving eureka endpoints via configuration
2019-12-05 20:56:01 INFO  [hc-gateway,,,] AsyncResolver-bootstrap-executor-0 com.netflix.discovery.shared.resolver.aws.ConfigClusterResolver Resolving eureka endpoints via configuration
2019-12-05 21:01:01 INFO  [hc-gateway,,,] AsyncResolver-bootstrap-executor-0 com.netflix.discovery.shared.resolver.aws.ConfigClusterResolver Resolving eureka endpoints via configuration
2019-12-05 21:06:01 INFO  [hc-gateway,,,] AsyncResolver-bootstrap-executor-0 com.netflix.discovery.shared.resolver.aws.ConfigClusterResolver Resolving eureka endpoints via configuration
2019-12-05 21:11:01 INFO  [hc-gateway,,,] AsyncResolver-bootstrap-executor-0 com.netflix.discovery.shared.resolver.aws.ConfigClusterResolver Resolving eureka endpoints via configuration
2019-12-05 21:16:01 INFO  [hc-gateway,,,] AsyncResolver-bootstrap-executor-0 com.netflix.discovery.shared.resolver.aws.ConfigClusterResolver Resolving eureka endpoints via configuration
2019-12-05 21:21:01 INFO  [hc-gateway,,,] AsyncResolver-bootstrap-executor-0 com.netflix.discovery.shared.resolver.aws.ConfigClusterResolver Resolving eureka endpoints via configuration
2019-12-05 21:26:01 INFO  [hc-gateway,,,] AsyncResolver-bootstrap-executor-0 com.netflix.discovery.shared.resolver.aws.ConfigClusterResolver Resolving eureka endpoints via configuration
2019-12-05 21:31:01 INFO  [hc-gateway,,,] AsyncResolver-bootstrap-executor-0 com.netflix.discovery.shared.resolver.aws.ConfigClusterResolver Resolving eureka endpoints via configuration
2019-12-05 21:36:01 INFO  [hc-gateway,,,] AsyncResolver-bootstrap-executor-0 com.netflix.discovery.shared.resolver.aws.ConfigClusterResolver Resolving eureka endpoints via configuration
2019-12-05 21:41:01 INFO  [hc-gateway,,,] AsyncResolver-bootstrap-executor-0 com.netflix.discovery.shared.resolver.aws.ConfigClusterResolver Resolving eureka endpoints via configuration
2019-12-05 21:46:01 INFO  [hc-gateway,,,] AsyncResolver-bootstrap-executor-0 com.netflix.discovery.shared.resolver.aws.ConfigClusterResolver Resolving eureka endpoints via configuration
2019-12-05 21:51:01 INFO  [hc-gateway,,,] AsyncResolver-bootstrap-executor-0 com.netflix.discovery.shared.resolver.aws.ConfigClusterResolver Resolving eureka endpoints via configuration
2019-12-05 21:56:01 INFO  [hc-gateway,,,] AsyncResolver-bootstrap-executor-0 com.netflix.discovery.shared.resolver.aws.ConfigClusterResolver Resolving eureka endpoints via configuration
2019-12-05 22:01:01 INFO  [hc-gateway,,,] AsyncResolver-bootstrap-executor-0 com.netflix.discovery.shared.resolver.aws.ConfigClusterResolver Resolving eureka endpoints via configuration
2019-12-05 22:06:01 INFO  [hc-gateway,,,] AsyncResolver-bootstrap-executor-0 com.netflix.discovery.shared.resolver.aws.ConfigClusterResolver Resolving eureka endpoints via configuration
2019-12-05 22:11:01 INFO  [hc-gateway,,,] AsyncResolver-bootstrap-executor-0 com.netflix.discovery.shared.resolver.aws.ConfigClusterResolver Resolving eureka endpoints via configuration
2019-12-05 22:16:01 INFO  [hc-gateway,,,] AsyncResolver-bootstrap-executor-0 com.netflix.discovery.shared.resolver.aws.ConfigClusterResolver Resolving eureka endpoints via configuration
2019-12-05 22:21:01 INFO  [hc-gateway,,,] AsyncResolver-bootstrap-executor-0 com.netflix.discovery.shared.resolver.aws.ConfigClusterResolver Resolving eureka endpoints via configuration
2019-12-05 22:26:01 INFO  [hc-gateway,,,] AsyncResolver-bootstrap-executor-0 com.netflix.discovery.shared.resolver.aws.ConfigClusterResolver Resolving eureka endpoints via configuration
2019-12-05 22:31:01 INFO  [hc-gateway,,,] AsyncResolver-bootstrap-executor-0 com.netflix.discovery.shared.resolver.aws.ConfigClusterResolver Resolving eureka endpoints via configuration
2019-12-05 22:36:01 INFO  [hc-gateway,,,] AsyncResolver-bootstrap-executor-0 com.netflix.discovery.shared.resolver.aws.ConfigClusterResolver Resolving eureka endpoints via configuration
2019-12-05 22:41:01 INFO  [hc-gateway,,,] AsyncResolver-bootstrap-executor-0 com.netflix.discovery.shared.resolver.aws.ConfigClusterResolver Resolving eureka endpoints via configuration
2019-12-05 22:46:01 INFO  [hc-gateway,,,] AsyncResolver-bootstrap-executor-0 com.netflix.discovery.shared.resolver.aws.ConfigClusterResolver Resolving eureka endpoints via configuration
2019-12-05 22:51:01 INFO  [hc-gateway,,,] AsyncResolver-bootstrap-executor-0 com.netflix.discovery.shared.resolver.aws.ConfigClusterResolver Resolving eureka endpoints via configuration
2019-12-05 22:56:01 INFO  [hc-gateway,,,] AsyncResolver-bootstrap-executor-0 com.netflix.discovery.shared.resolver.aws.ConfigClusterResolver Resolving eureka endpoints via configuration
2019-12-05 23:01:01 INFO  [hc-gateway,,,] AsyncResolver-bootstrap-executor-0 com.netflix.discovery.shared.resolver.aws.ConfigClusterResolver Resolving eureka endpoints via configuration
2019-12-05 23:06:01 INFO  [hc-gateway,,,] AsyncResolver-bootstrap-executor-0 com.netflix.discovery.shared.resolver.aws.ConfigClusterResolver Resolving eureka endpoints via configuration
2019-12-05 23:11:01 INFO  [hc-gateway,,,] AsyncResolver-bootstrap-executor-0 com.netflix.discovery.shared.resolver.aws.ConfigClusterResolver Resolving eureka endpoints via configuration
2019-12-05 23:16:01 INFO  [hc-gateway,,,] AsyncResolver-bootstrap-executor-0 com.netflix.discovery.shared.resolver.aws.ConfigClusterResolver Resolving eureka endpoints via configuration
2019-12-05 23:21:01 INFO  [hc-gateway,,,] AsyncResolver-bootstrap-executor-0 com.netflix.discovery.shared.resolver.aws.ConfigClusterResolver Resolving eureka endpoints via configuration
2019-12-05 23:26:01 INFO  [hc-gateway,,,] AsyncResolver-bootstrap-executor-0 com.netflix.discovery.shared.resolver.aws.ConfigClusterResolver Resolving eureka endpoints via configuration
2019-12-05 23:31:01 INFO  [hc-gateway,,,] AsyncResolver-bootstrap-executor-0 com.netflix.discovery.shared.resolver.aws.ConfigClusterResolver Resolving eureka endpoints via configuration
2019-12-05 23:36:01 INFO  [hc-gateway,,,] AsyncResolver-bootstrap-executor-0 com.netflix.discovery.shared.resolver.aws.ConfigClusterResolver Resolving eureka endpoints via configuration
2019-12-05 23:41:01 INFO  [hc-gateway,,,] AsyncResolver-bootstrap-executor-0 com.netflix.discovery.shared.resolver.aws.ConfigClusterResolver Resolving eureka endpoints via configuration
2019-12-05 23:46:01 INFO  [hc-gateway,,,] AsyncResolver-bootstrap-executor-0 com.netflix.discovery.shared.resolver.aws.ConfigClusterResolver Resolving eureka endpoints via configuration
2019-12-05 23:51:01 INFO  [hc-gateway,,,] AsyncResolver-bootstrap-executor-0 com.netflix.discovery.shared.resolver.aws.ConfigClusterResolver Resolving eureka endpoints via configuration
2019-12-05 23:56:01 INFO  [hc-gateway,,,] AsyncResolver-bootstrap-executor-0 com.netflix.discovery.shared.resolver.aws.ConfigClusterResolver Resolving eureka endpoints via configuration
