2019-12-06 00:01:01 INFO  [hc-gateway,,,] AsyncResolver-bootstrap-executor-0 com.netflix.discovery.shared.resolver.aws.ConfigClusterResolver Resolving eureka endpoints via configuration
2019-12-06 00:06:02 INFO  [hc-gateway,,,] AsyncResolver-bootstrap-executor-0 com.netflix.discovery.shared.resolver.aws.ConfigClusterResolver Resolving eureka endpoints via configuration
2019-12-06 00:11:02 INFO  [hc-gateway,,,] AsyncResolver-bootstrap-executor-0 com.netflix.discovery.shared.resolver.aws.ConfigClusterResolver Resolving eureka endpoints via configuration
2019-12-06 00:16:02 INFO  [hc-gateway,,,] AsyncResolver-bootstrap-executor-0 com.netflix.discovery.shared.resolver.aws.ConfigClusterResolver Resolving eureka endpoints via configuration
2019-12-06 00:21:02 INFO  [hc-gateway,,,] AsyncResolver-bootstrap-executor-0 com.netflix.discovery.shared.resolver.aws.ConfigClusterResolver Resolving eureka endpoints via configuration
2019-12-06 00:26:02 INFO  [hc-gateway,,,] AsyncResolver-bootstrap-executor-0 com.netflix.discovery.shared.resolver.aws.ConfigClusterResolver Resolving eureka endpoints via configuration
2019-12-06 00:31:02 INFO  [hc-gateway,,,] AsyncResolver-bootstrap-executor-0 com.netflix.discovery.shared.resolver.aws.ConfigClusterResolver Resolving eureka endpoints via configuration
2019-12-06 00:36:02 INFO  [hc-gateway,,,] AsyncResolver-bootstrap-executor-0 com.netflix.discovery.shared.resolver.aws.ConfigClusterResolver Resolving eureka endpoints via configuration
2019-12-06 00:41:02 INFO  [hc-gateway,,,] AsyncResolver-bootstrap-executor-0 com.netflix.discovery.shared.resolver.aws.ConfigClusterResolver Resolving eureka endpoints via configuration
2019-12-06 00:46:02 INFO  [hc-gateway,,,] AsyncResolver-bootstrap-executor-0 com.netflix.discovery.shared.resolver.aws.ConfigClusterResolver Resolving eureka endpoints via configuration
2019-12-06 00:51:02 INFO  [hc-gateway,,,] AsyncResolver-bootstrap-executor-0 com.netflix.discovery.shared.resolver.aws.ConfigClusterResolver Resolving eureka endpoints via configuration
2019-12-06 00:56:02 INFO  [hc-gateway,,,] AsyncResolver-bootstrap-executor-0 com.netflix.discovery.shared.resolver.aws.ConfigClusterResolver Resolving eureka endpoints via configuration
2019-12-06 01:01:02 INFO  [hc-gateway,,,] AsyncResolver-bootstrap-executor-0 com.netflix.discovery.shared.resolver.aws.ConfigClusterResolver Resolving eureka endpoints via configuration
2019-12-06 01:06:02 INFO  [hc-gateway,,,] AsyncResolver-bootstrap-executor-0 com.netflix.discovery.shared.resolver.aws.ConfigClusterResolver Resolving eureka endpoints via configuration
2019-12-06 01:11:02 INFO  [hc-gateway,,,] AsyncResolver-bootstrap-executor-0 com.netflix.discovery.shared.resolver.aws.ConfigClusterResolver Resolving eureka endpoints via configuration
2019-12-06 01:16:02 INFO  [hc-gateway,,,] AsyncResolver-bootstrap-executor-0 com.netflix.discovery.shared.resolver.aws.ConfigClusterResolver Resolving eureka endpoints via configuration
2019-12-06 01:21:02 INFO  [hc-gateway,,,] AsyncResolver-bootstrap-executor-0 com.netflix.discovery.shared.resolver.aws.ConfigClusterResolver Resolving eureka endpoints via configuration
2019-12-06 01:26:02 INFO  [hc-gateway,,,] AsyncResolver-bootstrap-executor-0 com.netflix.discovery.shared.resolver.aws.ConfigClusterResolver Resolving eureka endpoints via configuration
2019-12-06 01:31:02 INFO  [hc-gateway,,,] AsyncResolver-bootstrap-executor-0 com.netflix.discovery.shared.resolver.aws.ConfigClusterResolver Resolving eureka endpoints via configuration
2019-12-06 01:36:02 INFO  [hc-gateway,,,] AsyncResolver-bootstrap-executor-0 com.netflix.discovery.shared.resolver.aws.ConfigClusterResolver Resolving eureka endpoints via configuration
2019-12-06 01:41:02 INFO  [hc-gateway,,,] AsyncResolver-bootstrap-executor-0 com.netflix.discovery.shared.resolver.aws.ConfigClusterResolver Resolving eureka endpoints via configuration
2019-12-06 01:46:02 INFO  [hc-gateway,,,] AsyncResolver-bootstrap-executor-0 com.netflix.discovery.shared.resolver.aws.ConfigClusterResolver Resolving eureka endpoints via configuration
2019-12-06 01:51:03 INFO  [hc-gateway,,,] AsyncResolver-bootstrap-executor-0 com.netflix.discovery.shared.resolver.aws.ConfigClusterResolver Resolving eureka endpoints via configuration
2019-12-06 01:56:03 INFO  [hc-gateway,,,] AsyncResolver-bootstrap-executor-0 com.netflix.discovery.shared.resolver.aws.ConfigClusterResolver Resolving eureka endpoints via configuration
2019-12-06 02:01:03 INFO  [hc-gateway,,,] AsyncResolver-bootstrap-executor-0 com.netflix.discovery.shared.resolver.aws.ConfigClusterResolver Resolving eureka endpoints via configuration
2019-12-06 02:06:03 INFO  [hc-gateway,,,] AsyncResolver-bootstrap-executor-0 com.netflix.discovery.shared.resolver.aws.ConfigClusterResolver Resolving eureka endpoints via configuration
2019-12-06 02:11:03 INFO  [hc-gateway,,,] AsyncResolver-bootstrap-executor-0 com.netflix.discovery.shared.resolver.aws.ConfigClusterResolver Resolving eureka endpoints via configuration
2019-12-06 02:16:03 INFO  [hc-gateway,,,] AsyncResolver-bootstrap-executor-0 com.netflix.discovery.shared.resolver.aws.ConfigClusterResolver Resolving eureka endpoints via configuration
2019-12-06 02:21:03 INFO  [hc-gateway,,,] AsyncResolver-bootstrap-executor-0 com.netflix.discovery.shared.resolver.aws.ConfigClusterResolver Resolving eureka endpoints via configuration
2019-12-06 02:26:03 INFO  [hc-gateway,,,] AsyncResolver-bootstrap-executor-0 com.netflix.discovery.shared.resolver.aws.ConfigClusterResolver Resolving eureka endpoints via configuration
2019-12-06 02:31:03 INFO  [hc-gateway,,,] AsyncResolver-bootstrap-executor-0 com.netflix.discovery.shared.resolver.aws.ConfigClusterResolver Resolving eureka endpoints via configuration
2019-12-06 02:36:03 INFO  [hc-gateway,,,] AsyncResolver-bootstrap-executor-0 com.netflix.discovery.shared.resolver.aws.ConfigClusterResolver Resolving eureka endpoints via configuration
2019-12-06 02:41:03 INFO  [hc-gateway,,,] AsyncResolver-bootstrap-executor-0 com.netflix.discovery.shared.resolver.aws.ConfigClusterResolver Resolving eureka endpoints via configuration
2019-12-06 02:46:03 INFO  [hc-gateway,,,] AsyncResolver-bootstrap-executor-0 com.netflix.discovery.shared.resolver.aws.ConfigClusterResolver Resolving eureka endpoints via configuration
2019-12-06 02:51:03 INFO  [hc-gateway,,,] AsyncResolver-bootstrap-executor-0 com.netflix.discovery.shared.resolver.aws.ConfigClusterResolver Resolving eureka endpoints via configuration
2019-12-06 02:56:03 INFO  [hc-gateway,,,] AsyncResolver-bootstrap-executor-0 com.netflix.discovery.shared.resolver.aws.ConfigClusterResolver Resolving eureka endpoints via configuration
2019-12-06 03:01:03 INFO  [hc-gateway,,,] AsyncResolver-bootstrap-executor-0 com.netflix.discovery.shared.resolver.aws.ConfigClusterResolver Resolving eureka endpoints via configuration
2019-12-06 03:06:03 INFO  [hc-gateway,,,] AsyncResolver-bootstrap-executor-0 com.netflix.discovery.shared.resolver.aws.ConfigClusterResolver Resolving eureka endpoints via configuration
2019-12-06 03:11:03 INFO  [hc-gateway,,,] AsyncResolver-bootstrap-executor-0 com.netflix.discovery.shared.resolver.aws.ConfigClusterResolver Resolving eureka endpoints via configuration
2019-12-06 03:16:03 INFO  [hc-gateway,,,] AsyncResolver-bootstrap-executor-0 com.netflix.discovery.shared.resolver.aws.ConfigClusterResolver Resolving eureka endpoints via configuration
2019-12-06 03:21:03 INFO  [hc-gateway,,,] AsyncResolver-bootstrap-executor-0 com.netflix.discovery.shared.resolver.aws.ConfigClusterResolver Resolving eureka endpoints via configuration
2019-12-06 03:26:03 INFO  [hc-gateway,,,] AsyncResolver-bootstrap-executor-0 com.netflix.discovery.shared.resolver.aws.ConfigClusterResolver Resolving eureka endpoints via configuration
2019-12-06 03:31:03 INFO  [hc-gateway,,,] AsyncResolver-bootstrap-executor-0 com.netflix.discovery.shared.resolver.aws.ConfigClusterResolver Resolving eureka endpoints via configuration
2019-12-06 03:36:03 INFO  [hc-gateway,,,] AsyncResolver-bootstrap-executor-0 com.netflix.discovery.shared.resolver.aws.ConfigClusterResolver Resolving eureka endpoints via configuration
2019-12-06 03:41:03 INFO  [hc-gateway,,,] AsyncResolver-bootstrap-executor-0 com.netflix.discovery.shared.resolver.aws.ConfigClusterResolver Resolving eureka endpoints via configuration
2019-12-06 03:46:03 INFO  [hc-gateway,,,] AsyncResolver-bootstrap-executor-0 com.netflix.discovery.shared.resolver.aws.ConfigClusterResolver Resolving eureka endpoints via configuration
2019-12-06 03:51:03 INFO  [hc-gateway,,,] AsyncResolver-bootstrap-executor-0 com.netflix.discovery.shared.resolver.aws.ConfigClusterResolver Resolving eureka endpoints via configuration
2019-12-06 03:56:03 INFO  [hc-gateway,,,] AsyncResolver-bootstrap-executor-0 com.netflix.discovery.shared.resolver.aws.ConfigClusterResolver Resolving eureka endpoints via configuration
2019-12-06 04:01:03 INFO  [hc-gateway,,,] AsyncResolver-bootstrap-executor-0 com.netflix.discovery.shared.resolver.aws.ConfigClusterResolver Resolving eureka endpoints via configuration
2019-12-06 04:06:03 INFO  [hc-gateway,,,] AsyncResolver-bootstrap-executor-0 com.netflix.discovery.shared.resolver.aws.ConfigClusterResolver Resolving eureka endpoints via configuration
2019-12-06 04:11:03 INFO  [hc-gateway,,,] AsyncResolver-bootstrap-executor-0 com.netflix.discovery.shared.resolver.aws.ConfigClusterResolver Resolving eureka endpoints via configuration
2019-12-06 04:16:03 INFO  [hc-gateway,,,] AsyncResolver-bootstrap-executor-0 com.netflix.discovery.shared.resolver.aws.ConfigClusterResolver Resolving eureka endpoints via configuration
2019-12-06 04:21:03 INFO  [hc-gateway,,,] AsyncResolver-bootstrap-executor-0 com.netflix.discovery.shared.resolver.aws.ConfigClusterResolver Resolving eureka endpoints via configuration
2019-12-06 04:26:03 INFO  [hc-gateway,,,] AsyncResolver-bootstrap-executor-0 com.netflix.discovery.shared.resolver.aws.ConfigClusterResolver Resolving eureka endpoints via configuration
2019-12-06 04:31:03 INFO  [hc-gateway,,,] AsyncResolver-bootstrap-executor-0 com.netflix.discovery.shared.resolver.aws.ConfigClusterResolver Resolving eureka endpoints via configuration
2019-12-06 04:36:03 INFO  [hc-gateway,,,] AsyncResolver-bootstrap-executor-0 com.netflix.discovery.shared.resolver.aws.ConfigClusterResolver Resolving eureka endpoints via configuration
2019-12-06 04:41:03 INFO  [hc-gateway,,,] AsyncResolver-bootstrap-executor-0 com.netflix.discovery.shared.resolver.aws.ConfigClusterResolver Resolving eureka endpoints via configuration
2019-12-06 04:46:03 INFO  [hc-gateway,,,] AsyncResolver-bootstrap-executor-0 com.netflix.discovery.shared.resolver.aws.ConfigClusterResolver Resolving eureka endpoints via configuration
2019-12-06 04:51:03 INFO  [hc-gateway,,,] AsyncResolver-bootstrap-executor-0 com.netflix.discovery.shared.resolver.aws.ConfigClusterResolver Resolving eureka endpoints via configuration
2019-12-06 04:56:03 INFO  [hc-gateway,,,] AsyncResolver-bootstrap-executor-0 com.netflix.discovery.shared.resolver.aws.ConfigClusterResolver Resolving eureka endpoints via configuration
2019-12-06 05:01:03 INFO  [hc-gateway,,,] AsyncResolver-bootstrap-executor-0 com.netflix.discovery.shared.resolver.aws.ConfigClusterResolver Resolving eureka endpoints via configuration
2019-12-06 05:06:03 INFO  [hc-gateway,,,] AsyncResolver-bootstrap-executor-0 com.netflix.discovery.shared.resolver.aws.ConfigClusterResolver Resolving eureka endpoints via configuration
2019-12-06 05:11:03 INFO  [hc-gateway,,,] AsyncResolver-bootstrap-executor-0 com.netflix.discovery.shared.resolver.aws.ConfigClusterResolver Resolving eureka endpoints via configuration
2019-12-06 05:16:03 INFO  [hc-gateway,,,] AsyncResolver-bootstrap-executor-0 com.netflix.discovery.shared.resolver.aws.ConfigClusterResolver Resolving eureka endpoints via configuration
2019-12-06 05:21:03 INFO  [hc-gateway,,,] AsyncResolver-bootstrap-executor-0 com.netflix.discovery.shared.resolver.aws.ConfigClusterResolver Resolving eureka endpoints via configuration
2019-12-06 05:26:03 INFO  [hc-gateway,,,] AsyncResolver-bootstrap-executor-0 com.netflix.discovery.shared.resolver.aws.ConfigClusterResolver Resolving eureka endpoints via configuration
2019-12-06 05:31:03 INFO  [hc-gateway,,,] AsyncResolver-bootstrap-executor-0 com.netflix.discovery.shared.resolver.aws.ConfigClusterResolver Resolving eureka endpoints via configuration
2019-12-06 05:36:03 INFO  [hc-gateway,,,] AsyncResolver-bootstrap-executor-0 com.netflix.discovery.shared.resolver.aws.ConfigClusterResolver Resolving eureka endpoints via configuration
2019-12-06 05:41:03 INFO  [hc-gateway,,,] AsyncResolver-bootstrap-executor-0 com.netflix.discovery.shared.resolver.aws.ConfigClusterResolver Resolving eureka endpoints via configuration
2019-12-06 05:46:03 INFO  [hc-gateway,,,] AsyncResolver-bootstrap-executor-0 com.netflix.discovery.shared.resolver.aws.ConfigClusterResolver Resolving eureka endpoints via configuration
2019-12-06 05:51:03 INFO  [hc-gateway,,,] AsyncResolver-bootstrap-executor-0 com.netflix.discovery.shared.resolver.aws.ConfigClusterResolver Resolving eureka endpoints via configuration
2019-12-06 05:56:03 INFO  [hc-gateway,,,] AsyncResolver-bootstrap-executor-0 com.netflix.discovery.shared.resolver.aws.ConfigClusterResolver Resolving eureka endpoints via configuration
2019-12-06 06:01:03 INFO  [hc-gateway,,,] AsyncResolver-bootstrap-executor-0 com.netflix.discovery.shared.resolver.aws.ConfigClusterResolver Resolving eureka endpoints via configuration
2019-12-06 06:06:03 INFO  [hc-gateway,,,] AsyncResolver-bootstrap-executor-0 com.netflix.discovery.shared.resolver.aws.ConfigClusterResolver Resolving eureka endpoints via configuration
2019-12-06 06:11:03 INFO  [hc-gateway,,,] AsyncResolver-bootstrap-executor-0 com.netflix.discovery.shared.resolver.aws.ConfigClusterResolver Resolving eureka endpoints via configuration
2019-12-06 06:16:03 INFO  [hc-gateway,,,] AsyncResolver-bootstrap-executor-0 com.netflix.discovery.shared.resolver.aws.ConfigClusterResolver Resolving eureka endpoints via configuration
2019-12-06 06:21:03 INFO  [hc-gateway,,,] AsyncResolver-bootstrap-executor-0 com.netflix.discovery.shared.resolver.aws.ConfigClusterResolver Resolving eureka endpoints via configuration
2019-12-06 06:26:03 INFO  [hc-gateway,,,] AsyncResolver-bootstrap-executor-0 com.netflix.discovery.shared.resolver.aws.ConfigClusterResolver Resolving eureka endpoints via configuration
2019-12-06 06:31:03 INFO  [hc-gateway,,,] AsyncResolver-bootstrap-executor-0 com.netflix.discovery.shared.resolver.aws.ConfigClusterResolver Resolving eureka endpoints via configuration
2019-12-06 06:36:03 INFO  [hc-gateway,,,] AsyncResolver-bootstrap-executor-0 com.netflix.discovery.shared.resolver.aws.ConfigClusterResolver Resolving eureka endpoints via configuration
2019-12-06 06:41:03 INFO  [hc-gateway,,,] AsyncResolver-bootstrap-executor-0 com.netflix.discovery.shared.resolver.aws.ConfigClusterResolver Resolving eureka endpoints via configuration
2019-12-06 06:46:03 INFO  [hc-gateway,,,] AsyncResolver-bootstrap-executor-0 com.netflix.discovery.shared.resolver.aws.ConfigClusterResolver Resolving eureka endpoints via configuration
2019-12-06 06:51:03 INFO  [hc-gateway,,,] AsyncResolver-bootstrap-executor-0 com.netflix.discovery.shared.resolver.aws.ConfigClusterResolver Resolving eureka endpoints via configuration
2019-12-06 06:56:03 INFO  [hc-gateway,,,] AsyncResolver-bootstrap-executor-0 com.netflix.discovery.shared.resolver.aws.ConfigClusterResolver Resolving eureka endpoints via configuration
2019-12-06 07:01:03 INFO  [hc-gateway,,,] AsyncResolver-bootstrap-executor-0 com.netflix.discovery.shared.resolver.aws.ConfigClusterResolver Resolving eureka endpoints via configuration
2019-12-06 07:06:03 INFO  [hc-gateway,,,] AsyncResolver-bootstrap-executor-0 com.netflix.discovery.shared.resolver.aws.ConfigClusterResolver Resolving eureka endpoints via configuration
2019-12-06 07:11:03 INFO  [hc-gateway,,,] AsyncResolver-bootstrap-executor-0 com.netflix.discovery.shared.resolver.aws.ConfigClusterResolver Resolving eureka endpoints via configuration
2019-12-06 07:16:03 INFO  [hc-gateway,,,] AsyncResolver-bootstrap-executor-0 com.netflix.discovery.shared.resolver.aws.ConfigClusterResolver Resolving eureka endpoints via configuration
2019-12-06 07:21:03 INFO  [hc-gateway,,,] AsyncResolver-bootstrap-executor-0 com.netflix.discovery.shared.resolver.aws.ConfigClusterResolver Resolving eureka endpoints via configuration
2019-12-06 07:26:03 INFO  [hc-gateway,,,] AsyncResolver-bootstrap-executor-0 com.netflix.discovery.shared.resolver.aws.ConfigClusterResolver Resolving eureka endpoints via configuration
2019-12-06 07:31:03 INFO  [hc-gateway,,,] AsyncResolver-bootstrap-executor-0 com.netflix.discovery.shared.resolver.aws.ConfigClusterResolver Resolving eureka endpoints via configuration
2019-12-06 07:36:03 INFO  [hc-gateway,,,] AsyncResolver-bootstrap-executor-0 com.netflix.discovery.shared.resolver.aws.ConfigClusterResolver Resolving eureka endpoints via configuration
2019-12-06 07:41:03 INFO  [hc-gateway,,,] AsyncResolver-bootstrap-executor-0 com.netflix.discovery.shared.resolver.aws.ConfigClusterResolver Resolving eureka endpoints via configuration
2019-12-06 07:46:03 INFO  [hc-gateway,,,] AsyncResolver-bootstrap-executor-0 com.netflix.discovery.shared.resolver.aws.ConfigClusterResolver Resolving eureka endpoints via configuration
2019-12-06 07:51:03 INFO  [hc-gateway,,,] AsyncResolver-bootstrap-executor-0 com.netflix.discovery.shared.resolver.aws.ConfigClusterResolver Resolving eureka endpoints via configuration
2019-12-06 07:56:03 INFO  [hc-gateway,,,] AsyncResolver-bootstrap-executor-0 com.netflix.discovery.shared.resolver.aws.ConfigClusterResolver Resolving eureka endpoints via configuration
2019-12-06 08:01:03 INFO  [hc-gateway,,,] AsyncResolver-bootstrap-executor-0 com.netflix.discovery.shared.resolver.aws.ConfigClusterResolver Resolving eureka endpoints via configuration
2019-12-06 08:06:03 INFO  [hc-gateway,,,] AsyncResolver-bootstrap-executor-0 com.netflix.discovery.shared.resolver.aws.ConfigClusterResolver Resolving eureka endpoints via configuration
2019-12-06 08:11:03 INFO  [hc-gateway,,,] AsyncResolver-bootstrap-executor-0 com.netflix.discovery.shared.resolver.aws.ConfigClusterResolver Resolving eureka endpoints via configuration
2019-12-06 08:16:03 INFO  [hc-gateway,,,] AsyncResolver-bootstrap-executor-0 com.netflix.discovery.shared.resolver.aws.ConfigClusterResolver Resolving eureka endpoints via configuration
2019-12-06 08:21:03 INFO  [hc-gateway,,,] AsyncResolver-bootstrap-executor-0 com.netflix.discovery.shared.resolver.aws.ConfigClusterResolver Resolving eureka endpoints via configuration
2019-12-06 08:26:03 INFO  [hc-gateway,,,] AsyncResolver-bootstrap-executor-0 com.netflix.discovery.shared.resolver.aws.ConfigClusterResolver Resolving eureka endpoints via configuration
2019-12-06 08:31:03 INFO  [hc-gateway,,,] AsyncResolver-bootstrap-executor-0 com.netflix.discovery.shared.resolver.aws.ConfigClusterResolver Resolving eureka endpoints via configuration
2019-12-06 08:36:03 INFO  [hc-gateway,,,] AsyncResolver-bootstrap-executor-0 com.netflix.discovery.shared.resolver.aws.ConfigClusterResolver Resolving eureka endpoints via configuration
2019-12-06 08:41:03 INFO  [hc-gateway,,,] AsyncResolver-bootstrap-executor-0 com.netflix.discovery.shared.resolver.aws.ConfigClusterResolver Resolving eureka endpoints via configuration
2019-12-06 08:46:03 INFO  [hc-gateway,,,] AsyncResolver-bootstrap-executor-0 com.netflix.discovery.shared.resolver.aws.ConfigClusterResolver Resolving eureka endpoints via configuration
2019-12-06 08:51:03 INFO  [hc-gateway,,,] AsyncResolver-bootstrap-executor-0 com.netflix.discovery.shared.resolver.aws.ConfigClusterResolver Resolving eureka endpoints via configuration
2019-12-06 08:56:03 INFO  [hc-gateway,,,] AsyncResolver-bootstrap-executor-0 com.netflix.discovery.shared.resolver.aws.ConfigClusterResolver Resolving eureka endpoints via configuration
2019-12-06 09:01:03 INFO  [hc-gateway,,,] AsyncResolver-bootstrap-executor-0 com.netflix.discovery.shared.resolver.aws.ConfigClusterResolver Resolving eureka endpoints via configuration
2019-12-06 09:06:03 INFO  [hc-gateway,,,] AsyncResolver-bootstrap-executor-0 com.netflix.discovery.shared.resolver.aws.ConfigClusterResolver Resolving eureka endpoints via configuration
2019-12-06 09:11:03 INFO  [hc-gateway,,,] AsyncResolver-bootstrap-executor-0 com.netflix.discovery.shared.resolver.aws.ConfigClusterResolver Resolving eureka endpoints via configuration
2019-12-06 09:16:00 INFO  [hc-gateway,,,] Thread-78 com.netflix.loadbalancer.PollingServerListUpdater Shutting down the Executor Pool for PollingServerListUpdater
2019-12-06 09:16:03 INFO  [hc-gateway,,,] AsyncResolver-bootstrap-executor-0 com.netflix.discovery.shared.resolver.aws.ConfigClusterResolver Resolving eureka endpoints via configuration
2019-12-06 09:16:05 INFO  [hc-gateway,,,] Thread-66 org.springframework.cloud.netflix.eureka.serviceregistry.EurekaServiceRegistry Unregistering application HC-GATEWAY with eureka with status DOWN
2019-12-06 09:16:05 INFO  [hc-gateway,,,] DiscoveryClient-InstanceInfoReplicator-0 com.netflix.discovery.DiscoveryClient DiscoveryClient_HC-GATEWAY/DESKTOP-R1RTOA8:hc-gateway:9030: registering service...
2019-12-06 09:16:12 INFO  [hc-gateway,,,] DiscoveryClient-InstanceInfoReplicator-0 com.netflix.discovery.DiscoveryClient DiscoveryClient_HC-GATEWAY/DESKTOP-R1RTOA8:hc-gateway:9030 - registration status: 204
2019-12-06 09:16:16 INFO  [hc-gateway,,,] Thread-66 org.springframework.cloud.netflix.zuul.ZuulFilterInitializer Stopping filter initializer
2019-12-06 09:16:22 INFO  [hc-gateway,,,] Thread-66 com.netflix.util.concurrent.ShutdownEnabledTimer Shutdown hook removed for: NFLoadBalancer-PingTimer-hc-server-system
2019-12-06 09:16:22 INFO  [hc-gateway,,,] Thread-66 com.netflix.util.concurrent.ShutdownEnabledTimer Exception caught (might be ok if at shutdown)
java.lang.IllegalStateException: Shutdown in progress
	at java.lang.ApplicationShutdownHooks.remove(ApplicationShutdownHooks.java:82)
	at java.lang.Runtime.removeShutdownHook(Runtime.java:239)
	at com.netflix.util.concurrent.ShutdownEnabledTimer.cancel(ShutdownEnabledTimer.java:70)
	at com.netflix.loadbalancer.BaseLoadBalancer.cancelPingTask(BaseLoadBalancer.java:632)
	at com.netflix.loadbalancer.BaseLoadBalancer.shutdown(BaseLoadBalancer.java:883)
	at com.netflix.loadbalancer.DynamicServerListLoadBalancer.shutdown(DynamicServerListLoadBalancer.java:285)
	at sun.reflect.NativeMethodAccessorImpl.invoke0(Native Method)
	at sun.reflect.NativeMethodAccessorImpl.invoke(NativeMethodAccessorImpl.java:62)
	at sun.reflect.DelegatingMethodAccessorImpl.invoke(DelegatingMethodAccessorImpl.java:43)
	at java.lang.reflect.Method.invoke(Method.java:483)
	at org.springframework.beans.factory.support.DisposableBeanAdapter.invokeCustomDestroyMethod(DisposableBeanAdapter.java:339)
	at org.springframework.beans.factory.support.DisposableBeanAdapter.destroy(DisposableBeanAdapter.java:273)
	at org.springframework.beans.factory.support.DefaultSingletonBeanRegistry.destroyBean(DefaultSingletonBeanRegistry.java:571)
	at org.springframework.beans.factory.support.DefaultSingletonBeanRegistry.destroySingleton(DefaultSingletonBeanRegistry.java:543)
	at org.springframework.beans.factory.support.DefaultListableBeanFactory.destroySingleton(DefaultListableBeanFactory.java:1036)
	at org.springframework.beans.factory.support.DefaultSingletonBeanRegistry.destroySingletons(DefaultSingletonBeanRegistry.java:504)
	at org.springframework.beans.factory.support.DefaultListableBeanFactory.destroySingletons(DefaultListableBeanFactory.java:1029)
	at org.springframework.context.support.AbstractApplicationContext.destroyBeans(AbstractApplicationContext.java:1057)
	at org.springframework.context.support.AbstractApplicationContext.doClose(AbstractApplicationContext.java:1026)
	at org.springframework.context.support.AbstractApplicationContext.close(AbstractApplicationContext.java:975)
	at org.springframework.cloud.context.named.NamedContextFactory.destroy(NamedContextFactory.java:92)
	at org.springframework.beans.factory.support.DisposableBeanAdapter.destroy(DisposableBeanAdapter.java:258)
	at org.springframework.beans.factory.support.DefaultSingletonBeanRegistry.destroyBean(DefaultSingletonBeanRegistry.java:571)
	at org.springframework.beans.factory.support.DefaultSingletonBeanRegistry.destroySingleton(DefaultSingletonBeanRegistry.java:543)
	at org.springframework.beans.factory.support.DefaultListableBeanFactory.destroySingleton(DefaultListableBeanFactory.java:1036)
	at org.springframework.beans.factory.support.DefaultSingletonBeanRegistry.destroySingletons(DefaultSingletonBeanRegistry.java:504)
	at org.springframework.beans.factory.support.DefaultListableBeanFactory.destroySingletons(DefaultListableBeanFactory.java:1029)
	at org.springframework.context.support.AbstractApplicationContext.destroyBeans(AbstractApplicationContext.java:1057)
	at org.springframework.context.support.AbstractApplicationContext.doClose(AbstractApplicationContext.java:1026)
	at org.springframework.context.support.AbstractApplicationContext$1.run(AbstractApplicationContext.java:945)
2019-12-06 09:16:26 INFO  [hc-gateway,,,] Thread-66 com.netflix.util.concurrent.ShutdownEnabledTimer Shutdown hook removed for: NFLoadBalancer-PingTimer-hc-auth
2019-12-06 09:16:26 INFO  [hc-gateway,,,] Thread-66 com.netflix.util.concurrent.ShutdownEnabledTimer Exception caught (might be ok if at shutdown)
java.lang.IllegalStateException: Shutdown in progress
	at java.lang.ApplicationShutdownHooks.remove(ApplicationShutdownHooks.java:82)
	at java.lang.Runtime.removeShutdownHook(Runtime.java:239)
	at com.netflix.util.concurrent.ShutdownEnabledTimer.cancel(ShutdownEnabledTimer.java:70)
	at com.netflix.loadbalancer.BaseLoadBalancer.cancelPingTask(BaseLoadBalancer.java:632)
	at com.netflix.loadbalancer.BaseLoadBalancer.shutdown(BaseLoadBalancer.java:883)
	at com.netflix.loadbalancer.DynamicServerListLoadBalancer.shutdown(DynamicServerListLoadBalancer.java:285)
	at sun.reflect.NativeMethodAccessorImpl.invoke0(Native Method)
	at sun.reflect.NativeMethodAccessorImpl.invoke(NativeMethodAccessorImpl.java:62)
	at sun.reflect.DelegatingMethodAccessorImpl.invoke(DelegatingMethodAccessorImpl.java:43)
	at java.lang.reflect.Method.invoke(Method.java:483)
	at org.springframework.beans.factory.support.DisposableBeanAdapter.invokeCustomDestroyMethod(DisposableBeanAdapter.java:339)
	at org.springframework.beans.factory.support.DisposableBeanAdapter.destroy(DisposableBeanAdapter.java:273)
	at org.springframework.beans.factory.support.DefaultSingletonBeanRegistry.destroyBean(DefaultSingletonBeanRegistry.java:571)
	at org.springframework.beans.factory.support.DefaultSingletonBeanRegistry.destroySingleton(DefaultSingletonBeanRegistry.java:543)
	at org.springframework.beans.factory.support.DefaultListableBeanFactory.destroySingleton(DefaultListableBeanFactory.java:1036)
	at org.springframework.beans.factory.support.DefaultSingletonBeanRegistry.destroySingletons(DefaultSingletonBeanRegistry.java:504)
	at org.springframework.beans.factory.support.DefaultListableBeanFactory.destroySingletons(DefaultListableBeanFactory.java:1029)
	at org.springframework.context.support.AbstractApplicationContext.destroyBeans(AbstractApplicationContext.java:1057)
	at org.springframework.context.support.AbstractApplicationContext.doClose(AbstractApplicationContext.java:1026)
	at org.springframework.context.support.AbstractApplicationContext.close(AbstractApplicationContext.java:975)
	at org.springframework.cloud.context.named.NamedContextFactory.destroy(NamedContextFactory.java:92)
	at org.springframework.beans.factory.support.DisposableBeanAdapter.destroy(DisposableBeanAdapter.java:258)
	at org.springframework.beans.factory.support.DefaultSingletonBeanRegistry.destroyBean(DefaultSingletonBeanRegistry.java:571)
	at org.springframework.beans.factory.support.DefaultSingletonBeanRegistry.destroySingleton(DefaultSingletonBeanRegistry.java:543)
	at org.springframework.beans.factory.support.DefaultListableBeanFactory.destroySingleton(DefaultListableBeanFactory.java:1036)
	at org.springframework.beans.factory.support.DefaultSingletonBeanRegistry.destroySingletons(DefaultSingletonBeanRegistry.java:504)
	at org.springframework.beans.factory.support.DefaultListableBeanFactory.destroySingletons(DefaultListableBeanFactory.java:1029)
	at org.springframework.context.support.AbstractApplicationContext.destroyBeans(AbstractApplicationContext.java:1057)
	at org.springframework.context.support.AbstractApplicationContext.doClose(AbstractApplicationContext.java:1026)
	at org.springframework.context.support.AbstractApplicationContext$1.run(AbstractApplicationContext.java:945)
2019-12-06 09:16:26 INFO  [hc-gateway,,,] Thread-66 com.netflix.util.concurrent.ShutdownEnabledTimer Shutdown hook removed for: NFLoadBalancer-PingTimer-hc-server-test
2019-12-06 09:16:26 INFO  [hc-gateway,,,] Thread-66 com.netflix.util.concurrent.ShutdownEnabledTimer Exception caught (might be ok if at shutdown)
java.lang.IllegalStateException: Shutdown in progress
	at java.lang.ApplicationShutdownHooks.remove(ApplicationShutdownHooks.java:82)
	at java.lang.Runtime.removeShutdownHook(Runtime.java:239)
	at com.netflix.util.concurrent.ShutdownEnabledTimer.cancel(ShutdownEnabledTimer.java:70)
	at com.netflix.loadbalancer.BaseLoadBalancer.cancelPingTask(BaseLoadBalancer.java:632)
	at com.netflix.loadbalancer.BaseLoadBalancer.shutdown(BaseLoadBalancer.java:883)
	at com.netflix.loadbalancer.DynamicServerListLoadBalancer.shutdown(DynamicServerListLoadBalancer.java:285)
	at sun.reflect.NativeMethodAccessorImpl.invoke0(Native Method)
	at sun.reflect.NativeMethodAccessorImpl.invoke(NativeMethodAccessorImpl.java:62)
	at sun.reflect.DelegatingMethodAccessorImpl.invoke(DelegatingMethodAccessorImpl.java:43)
	at java.lang.reflect.Method.invoke(Method.java:483)
	at org.springframework.beans.factory.support.DisposableBeanAdapter.invokeCustomDestroyMethod(DisposableBeanAdapter.java:339)
	at org.springframework.beans.factory.support.DisposableBeanAdapter.destroy(DisposableBeanAdapter.java:273)
	at org.springframework.beans.factory.support.DefaultSingletonBeanRegistry.destroyBean(DefaultSingletonBeanRegistry.java:571)
	at org.springframework.beans.factory.support.DefaultSingletonBeanRegistry.destroySingleton(DefaultSingletonBeanRegistry.java:543)
	at org.springframework.beans.factory.support.DefaultListableBeanFactory.destroySingleton(DefaultListableBeanFactory.java:1036)
	at org.springframework.beans.factory.support.DefaultSingletonBeanRegistry.destroySingletons(DefaultSingletonBeanRegistry.java:504)
	at org.springframework.beans.factory.support.DefaultListableBeanFactory.destroySingletons(DefaultListableBeanFactory.java:1029)
	at org.springframework.context.support.AbstractApplicationContext.destroyBeans(AbstractApplicationContext.java:1057)
	at org.springframework.context.support.AbstractApplicationContext.doClose(AbstractApplicationContext.java:1026)
	at org.springframework.context.support.AbstractApplicationContext.close(AbstractApplicationContext.java:975)
	at org.springframework.cloud.context.named.NamedContextFactory.destroy(NamedContextFactory.java:92)
	at org.springframework.beans.factory.support.DisposableBeanAdapter.destroy(DisposableBeanAdapter.java:258)
	at org.springframework.beans.factory.support.DefaultSingletonBeanRegistry.destroyBean(DefaultSingletonBeanRegistry.java:571)
	at org.springframework.beans.factory.support.DefaultSingletonBeanRegistry.destroySingleton(DefaultSingletonBeanRegistry.java:543)
	at org.springframework.beans.factory.support.DefaultListableBeanFactory.destroySingleton(DefaultListableBeanFactory.java:1036)
	at org.springframework.beans.factory.support.DefaultSingletonBeanRegistry.destroySingletons(DefaultSingletonBeanRegistry.java:504)
	at org.springframework.beans.factory.support.DefaultListableBeanFactory.destroySingletons(DefaultListableBeanFactory.java:1029)
	at org.springframework.context.support.AbstractApplicationContext.destroyBeans(AbstractApplicationContext.java:1057)
	at org.springframework.context.support.AbstractApplicationContext.doClose(AbstractApplicationContext.java:1026)
	at org.springframework.context.support.AbstractApplicationContext$1.run(AbstractApplicationContext.java:945)
2019-12-06 09:16:30 INFO  [hc-gateway,,,] Thread-66 org.springframework.scheduling.concurrent.ThreadPoolTaskScheduler Shutting down ExecutorService
2019-12-06 09:16:30 INFO  [hc-gateway,,,] Thread-66 org.springframework.scheduling.concurrent.ThreadPoolTaskExecutor Shutting down ExecutorService 'applicationTaskExecutor'
2019-12-06 09:16:31 INFO  [hc-gateway,,,] DiscoveryClient-CacheRefreshExecutor-0 org.apache.http.impl.client.DefaultHttpClient I/O exception (org.apache.http.NoHttpResponseException) caught when processing request to {}->http://localhost:9010: The target server failed to respond
2019-12-06 09:16:31 INFO  [hc-gateway,,,] DiscoveryClient-CacheRefreshExecutor-0 org.apache.http.impl.client.DefaultHttpClient Retrying request to {}->http://localhost:9010
2019-12-06 09:16:53 INFO  [hc-gateway,,,] Thread-66 com.netflix.discovery.DiscoveryClient Shutting down DiscoveryClient ...
2019-12-06 09:16:56 INFO  [hc-gateway,,,] Thread-66 com.netflix.discovery.DiscoveryClient Unregistering ...
2019-12-06 09:17:01 INFO  [hc-gateway,,,] Thread-66 com.netflix.discovery.DiscoveryClient Completed shut down of DiscoveryClient
